Sep 04, 2019 11:41:42 AM org.apache.karaf.main.Main launch
INFO: Installing and starting initial bundles
Sep 04, 2019 11:41:43 AM org.apache.karaf.main.Main launch
INFO: All initial bundles installed and set to start
Sep 04, 2019 11:41:44 AM org.sonatype.nexus.karaf.NexusMain launch
INFO: ...launched Nexus!
Sep 04, 2019 11:41:44 AM org.apache.karaf.main.Main$KarafLockCallback lockAquired
INFO: Lock acquired. Setting startlevel to 100
Sep 04, 2019 1:56:38 PM org.apache.karaf.main.Main launch
INFO: Installing and starting initial bundles
Sep 04, 2019 1:56:39 PM org.apache.karaf.main.Main launch
INFO: All initial bundles installed and set to start
Sep 04, 2019 1:56:40 PM org.sonatype.nexus.karaf.NexusMain launch
INFO: ...launched Nexus!
Sep 04, 2019 1:56:40 PM org.apache.karaf.main.Main$KarafLockCallback lockAquired
INFO: Lock acquired. Setting startlevel to 100
Sep 04, 2019 9:31:10 PM org.apache.karaf.main.Main launch
INFO: Installing and starting initial bundles
Sep 04, 2019 9:31:19 PM org.apache.karaf.main.Main launch
INFO: All initial bundles installed and set to start
Sep 04, 2019 9:31:21 PM org.sonatype.nexus.karaf.NexusMain launch
INFO: ...launched Nexus!
Sep 04, 2019 9:31:21 PM org.apache.karaf.main.Main$KarafLockCallback lockAquired
INFO: Lock acquired. Setting startlevel to 100
Sep 06, 2019 12:33:40 PM org.apache.karaf.main.Main launch
INFO: Installing and starting initial bundles
Sep 06, 2019 12:33:41 PM org.apache.karaf.main.Main launch
INFO: All initial bundles installed and set to start
Sep 06, 2019 12:33:43 PM org.sonatype.nexus.karaf.NexusMain launch
INFO: ...launched Nexus!
Sep 06, 2019 12:33:43 PM org.apache.karaf.main.Main$KarafLockCallback lockAquired
INFO: Lock acquired. Setting startlevel to 100
Sep 06, 2019 12:35:11 PM org.apache.karaf.main.Main launch
INFO: Installing and starting initial bundles
Sep 06, 2019 12:35:11 PM org.apache.karaf.main.Main launch
INFO: All initial bundles installed and set to start
Sep 06, 2019 12:35:12 PM org.sonatype.nexus.karaf.NexusMain launch
INFO: ...launched Nexus!
Sep 06, 2019 12:35:18 PM org.apache.karaf.main.Main launch
INFO: Installing and starting initial bundles
Sep 06, 2019 12:35:18 PM org.apache.karaf.main.Main launch
INFO: All initial bundles installed and set to start
Sep 06, 2019 12:35:19 PM org.sonatype.nexus.karaf.NexusMain launch
INFO: ...launched Nexus!
Sep 06, 2019 12:35:37 PM org.apache.karaf.main.Main launch
INFO: Installing and starting initial bundles
Sep 06, 2019 12:35:38 PM org.apache.karaf.main.Main launch
INFO: All initial bundles installed and set to start
Sep 06, 2019 12:35:39 PM org.sonatype.nexus.karaf.NexusMain launch
INFO: ...launched Nexus!
Sep 06, 2019 12:35:39 PM org.apache.karaf.main.Main$KarafLockCallback lockAquired
INFO: Lock acquired. Setting startlevel to 100
Sep 06, 2019 12:35:46 PM org.apache.karaf.main.Main launch
INFO: Installing and starting initial bundles
Sep 06, 2019 12:35:46 PM org.apache.karaf.main.Main launch
INFO: All initial bundles installed and set to start
Sep 06, 2019 12:35:47 PM org.sonatype.nexus.karaf.NexusMain launch
INFO: ...launched Nexus!
Sep 06, 2019 12:36:17 PM org.apache.karaf.main.Main launch
INFO: Installing and starting initial bundles
Sep 06, 2019 12:36:17 PM org.apache.karaf.main.Main launch
INFO: All initial bundles installed and set to start
Sep 06, 2019 12:36:18 PM org.sonatype.nexus.karaf.NexusMain launch
INFO: ...launched Nexus!
Sep 06, 2019 12:37:07 PM org.apache.karaf.main.Main launch
INFO: Installing and starting initial bundles
Sep 06, 2019 12:37:08 PM org.apache.karaf.main.Main launch
INFO: All initial bundles installed and set to start
Sep 06, 2019 12:37:09 PM org.sonatype.nexus.karaf.NexusMain launch
INFO: ...launched Nexus!
Sep 06, 2019 12:38:38 PM org.apache.karaf.main.Main launch
INFO: Installing and starting initial bundles
Sep 06, 2019 12:38:38 PM org.apache.karaf.main.Main launch
INFO: All initial bundles installed and set to start
Sep 06, 2019 12:38:39 PM org.sonatype.nexus.karaf.NexusMain launch
INFO: ...launched Nexus!
Sep 06, 2019 12:41:33 PM org.apache.karaf.main.Main launch
INFO: Installing and starting initial bundles
Sep 06, 2019 12:41:33 PM org.apache.karaf.main.Main launch
INFO: All initial bundles installed and set to start
Sep 06, 2019 12:41:34 PM org.sonatype.nexus.karaf.NexusMain launch
INFO: ...launched Nexus!
Sep 06, 2019 12:42:27 PM org.apache.karaf.main.Main launch
INFO: Installing and starting initial bundles
Sep 06, 2019 12:42:27 PM org.apache.karaf.main.Main launch
INFO: All initial bundles installed and set to start
Sep 06, 2019 12:42:28 PM org.sonatype.nexus.karaf.NexusMain launch
INFO: ...launched Nexus!
Sep 06, 2019 12:42:33 PM org.apache.karaf.main.Main launch
INFO: Installing and starting initial bundles
Sep 06, 2019 12:42:33 PM org.apache.karaf.main.Main launch
INFO: All initial bundles installed and set to start
Sep 06, 2019 12:42:35 PM org.sonatype.nexus.karaf.NexusMain launch
INFO: ...launched Nexus!
Sep 06, 2019 12:42:55 PM org.apache.karaf.main.Main launch
INFO: Installing and starting initial bundles
Sep 06, 2019 12:42:56 PM org.apache.karaf.main.Main launch
INFO: All initial bundles installed and set to start
Sep 06, 2019 12:42:57 PM org.sonatype.nexus.karaf.NexusMain launch
INFO: ...launched Nexus!
Sep 06, 2019 12:43:28 PM org.apache.karaf.main.Main launch
INFO: Installing and starting initial bundles
Sep 06, 2019 12:43:29 PM org.apache.karaf.main.Main launch
INFO: All initial bundles installed and set to start
Sep 06, 2019 12:43:30 PM org.sonatype.nexus.karaf.NexusMain launch
INFO: ...launched Nexus!
Sep 06, 2019 12:44:23 PM org.apache.karaf.main.Main launch
INFO: Installing and starting initial bundles
Sep 06, 2019 12:44:24 PM org.apache.karaf.main.Main launch
INFO: All initial bundles installed and set to start
Sep 06, 2019 12:44:25 PM org.sonatype.nexus.karaf.NexusMain launch
INFO: ...launched Nexus!
Sep 06, 2019 12:45:52 PM org.apache.karaf.main.Main launch
INFO: Installing and starting initial bundles
Sep 06, 2019 12:45:52 PM org.apache.karaf.main.Main launch
INFO: All initial bundles installed and set to start
Sep 06, 2019 12:45:53 PM org.sonatype.nexus.karaf.NexusMain launch
INFO: ...launched Nexus!
Sep 06, 2019 12:48:40 PM org.apache.karaf.main.Main launch
INFO: Installing and starting initial bundles
Sep 06, 2019 12:48:41 PM org.apache.karaf.main.Main launch
INFO: All initial bundles installed and set to start
Sep 06, 2019 12:48:42 PM org.sonatype.nexus.karaf.NexusMain launch
INFO: ...launched Nexus!
Sep 06, 2019 12:53:48 PM org.apache.karaf.main.Main launch
INFO: Installing and starting initial bundles
Sep 06, 2019 12:53:49 PM org.apache.karaf.main.Main launch
INFO: All initial bundles installed and set to start
Sep 06, 2019 12:53:50 PM org.sonatype.nexus.karaf.NexusMain launch
INFO: ...launched Nexus!
Sep 06, 2019 12:57:13 PM org.apache.karaf.main.Main launch
INFO: Installing and starting initial bundles
Sep 06, 2019 12:57:13 PM org.apache.karaf.main.Main launch
INFO: All initial bundles installed and set to start
Sep 06, 2019 12:57:14 PM org.sonatype.nexus.karaf.NexusMain launch
INFO: ...launched Nexus!
Sep 06, 2019 12:57:20 PM org.apache.karaf.main.Main launch
INFO: Installing and starting initial bundles
Sep 06, 2019 12:57:20 PM org.apache.karaf.main.Main launch
INFO: All initial bundles installed and set to start
Sep 06, 2019 12:57:22 PM org.sonatype.nexus.karaf.NexusMain launch
INFO: ...launched Nexus!
Sep 06, 2019 12:57:45 PM org.apache.karaf.main.Main launch
INFO: Installing and starting initial bundles
Sep 06, 2019 12:57:46 PM org.apache.karaf.main.Main launch
INFO: All initial bundles installed and set to start
Sep 06, 2019 12:57:47 PM org.sonatype.nexus.karaf.NexusMain launch
INFO: ...launched Nexus!
Sep 06, 2019 12:58:14 PM org.apache.karaf.main.Main launch
INFO: Installing and starting initial bundles
Sep 06, 2019 12:58:14 PM org.apache.karaf.main.Main launch
INFO: All initial bundles installed and set to start
Sep 06, 2019 12:58:15 PM org.sonatype.nexus.karaf.NexusMain launch
INFO: ...launched Nexus!
Sep 06, 2019 12:59:01 PM org.apache.karaf.main.Main launch
INFO: Installing and starting initial bundles
Sep 06, 2019 12:59:01 PM org.apache.karaf.main.Main launch
INFO: All initial bundles installed and set to start
Sep 06, 2019 12:59:02 PM org.sonatype.nexus.karaf.NexusMain launch
INFO: ...launched Nexus!
Sep 06, 2019 1:02:44 PM org.apache.karaf.main.Main launch
INFO: Installing and starting initial bundles
Sep 06, 2019 1:02:44 PM org.apache.karaf.main.Main launch
INFO: All initial bundles installed and set to start
Sep 06, 2019 1:02:44 PM org.sonatype.nexus.karaf.NexusMain launch
INFO: ...launched Nexus!
Sep 06, 2019 1:02:44 PM org.apache.karaf.main.Main$KarafLockCallback lockAquired
INFO: Lock acquired. Setting startlevel to 100
Sep 06, 2019 8:35:58 PM org.apache.karaf.main.Main launch
INFO: Installing and starting initial bundles
Sep 06, 2019 8:36:00 PM org.apache.karaf.main.Main launch
INFO: All initial bundles installed and set to start
Sep 06, 2019 8:36:01 PM org.sonatype.nexus.karaf.NexusMain launch
INFO: ...launched Nexus!
Sep 06, 2019 8:36:01 PM org.apache.karaf.main.Main$KarafLockCallback lockAquired
INFO: Lock acquired. Setting startlevel to 100
Sep 07, 2019 12:30:26 PM org.apache.karaf.main.Main launch
INFO: Installing and starting initial bundles
Sep 07, 2019 12:30:29 PM org.apache.karaf.main.Main launch
INFO: All initial bundles installed and set to start
Sep 07, 2019 12:30:30 PM org.sonatype.nexus.karaf.NexusMain launch
INFO: ...launched Nexus!
Sep 07, 2019 12:30:30 PM org.apache.karaf.main.Main$KarafLockCallback lockAquired
INFO: Lock acquired. Setting startlevel to 100
Sep 07, 2019 9:47:10 PM org.apache.karaf.main.Main launch
INFO: Installing and starting initial bundles
Sep 07, 2019 9:47:12 PM org.apache.karaf.main.Main launch
INFO: All initial bundles installed and set to start
Sep 07, 2019 9:47:13 PM org.sonatype.nexus.karaf.NexusMain launch
INFO: ...launched Nexus!
Sep 07, 2019 9:47:13 PM org.apache.karaf.main.Main$KarafLockCallback lockAquired
INFO: Lock acquired. Setting startlevel to 100
Sep 08, 2019 11:56:59 AM org.apache.karaf.main.Main launch
INFO: Installing and starting initial bundles
Sep 08, 2019 11:57:01 AM org.apache.karaf.main.Main launch
INFO: All initial bundles installed and set to start
Sep 08, 2019 11:57:03 AM org.sonatype.nexus.karaf.NexusMain launch
INFO: ...launched Nexus!
Sep 08, 2019 11:57:03 AM org.apache.karaf.main.Main$KarafLockCallback lockAquired
INFO: Lock acquired. Setting startlevel to 100
Sep 08, 2019 6:55:17 PM org.apache.karaf.main.Main launch
INFO: Installing and starting initial bundles
Sep 08, 2019 6:55:18 PM org.apache.karaf.main.Main launch
INFO: All initial bundles installed and set to start
Sep 08, 2019 6:55:20 PM org.sonatype.nexus.karaf.NexusMain launch
INFO: ...launched Nexus!
Sep 08, 2019 6:55:20 PM org.apache.karaf.main.Main$KarafLockCallback lockAquired
INFO: Lock acquired. Setting startlevel to 100
Sep 09, 2019 1:20:17 AM org.apache.karaf.main.Main launch
INFO: Installing and starting initial bundles
Sep 09, 2019 1:20:17 AM org.apache.karaf.main.Main launch
INFO: All initial bundles installed and set to start
Sep 09, 2019 1:20:18 AM org.sonatype.nexus.karaf.NexusMain launch
INFO: ...launched Nexus!
Sep 09, 2019 1:20:18 AM org.apache.karaf.main.Main$KarafLockCallback lockAquired
INFO: Lock acquired. Setting startlevel to 100
Sep 09, 2019 1:25:00 AM org.apache.karaf.main.Main launch
INFO: Installing and starting initial bundles
Sep 09, 2019 1:25:00 AM org.apache.karaf.main.Main launch
INFO: All initial bundles installed and set to start
Sep 09, 2019 1:25:01 AM org.sonatype.nexus.karaf.NexusMain launch
INFO: ...launched Nexus!
Sep 09, 2019 1:25:01 AM org.apache.karaf.main.Main$KarafLockCallback lockAquired
INFO: Lock acquired. Setting startlevel to 100
Sep 09, 2019 3:25:00 PM org.apache.karaf.main.Main launch
INFO: Installing and starting initial bundles
Sep 09, 2019 3:25:01 PM org.apache.karaf.main.Main launch
INFO: All initial bundles installed and set to start
Sep 09, 2019 3:25:03 PM org.sonatype.nexus.karaf.NexusMain launch
INFO: ...launched Nexus!
Sep 09, 2019 3:25:03 PM org.apache.karaf.main.Main$KarafLockCallback lockAquired
INFO: Lock acquired. Setting startlevel to 100
Sep 09, 2019 8:23:16 PM org.apache.karaf.main.Main launch
INFO: Installing and starting initial bundles
Sep 09, 2019 8:23:18 PM org.apache.karaf.main.Main launch
INFO: All initial bundles installed and set to start
Sep 09, 2019 8:23:20 PM org.sonatype.nexus.karaf.NexusMain launch
INFO: ...launched Nexus!
Sep 09, 2019 8:23:20 PM org.apache.karaf.main.Main$KarafLockCallback lockAquired
INFO: Lock acquired. Setting startlevel to 100
Sep 10, 2019 11:11:36 AM org.apache.karaf.main.Main launch
INFO: Installing and starting initial bundles
Sep 10, 2019 11:11:38 AM org.apache.karaf.main.Main launch
INFO: All initial bundles installed and set to start
Sep 10, 2019 11:11:39 AM org.sonatype.nexus.karaf.NexusMain launch
INFO: ...launched Nexus!
Sep 10, 2019 11:11:39 AM org.apache.karaf.main.Main$KarafLockCallback lockAquired
INFO: Lock acquired. Setting startlevel to 100
Sep 13, 2019 9:36:04 PM org.apache.karaf.main.Main launch
INFO: Installing and starting initial bundles
Sep 13, 2019 9:36:05 PM org.apache.karaf.main.Main launch
INFO: All initial bundles installed and set to start
Sep 13, 2019 9:36:06 PM org.sonatype.nexus.karaf.NexusMain launch
INFO: ...launched Nexus!
Sep 13, 2019 9:36:06 PM org.apache.karaf.main.Main$KarafLockCallback lockAquired
INFO: Lock acquired. Setting startlevel to 100
Sep 13, 2019 11:47:58 PM org.apache.karaf.main.Main launch
INFO: Installing and starting initial bundles
Sep 13, 2019 11:47:58 PM org.apache.karaf.main.Main launch
INFO: All initial bundles installed and set to start
Sep 13, 2019 11:47:59 PM org.sonatype.nexus.karaf.NexusMain launch
INFO: ...launched Nexus!
Sep 13, 2019 11:47:59 PM org.apache.karaf.main.Main$KarafLockCallback lockAquired
INFO: Lock acquired. Setting startlevel to 100
Sep 13, 2019 11:55:12 PM org.apache.karaf.main.Main launch
INFO: Installing and starting initial bundles
Sep 13, 2019 11:55:12 PM org.apache.karaf.main.Main launch
INFO: All initial bundles installed and set to start
Sep 13, 2019 11:55:12 PM org.sonatype.nexus.karaf.NexusMain launch
INFO: ...launched Nexus!
Sep 13, 2019 11:55:12 PM org.apache.karaf.main.Main$KarafLockCallback lockAquired
INFO: Lock acquired. Setting startlevel to 100
Sep 16, 2019 6:48:47 PM org.apache.karaf.main.Main launch
INFO: Installing and starting initial bundles
Sep 16, 2019 6:48:49 PM org.apache.karaf.main.Main launch
INFO: All initial bundles installed and set to start
Sep 16, 2019 6:48:51 PM org.sonatype.nexus.karaf.NexusMain launch
INFO: ...launched Nexus!
Sep 16, 2019 6:48:51 PM org.apache.karaf.main.Main$KarafLockCallback lockAquired
INFO: Lock acquired. Setting startlevel to 100
Sep 21, 2019 5:44:39 PM org.apache.karaf.main.Main launch
INFO: Installing and starting initial bundles
Sep 21, 2019 5:44:39 PM org.apache.karaf.main.Main launch
INFO: All initial bundles installed and set to start
Sep 21, 2019 5:44:40 PM org.sonatype.nexus.karaf.NexusMain launch
INFO: ...launched Nexus!
Sep 21, 2019 5:44:40 PM org.apache.karaf.main.Main$KarafLockCallback lockAquired
INFO: Lock acquired. Setting startlevel to 100
Oct 03, 2019 2:21:43 PM org.apache.karaf.main.Main launch
INFO: Installing and starting initial bundles
Oct 03, 2019 2:21:45 PM org.apache.karaf.main.Main launch
INFO: All initial bundles installed and set to start
Oct 03, 2019 2:21:46 PM org.sonatype.nexus.karaf.NexusMain launch
INFO: ...launched Nexus!
Oct 03, 2019 2:21:46 PM org.apache.karaf.main.Main$KarafLockCallback lockAquired
INFO: Lock acquired. Setting startlevel to 100
Oct 03, 2019 2:35:27 PM org.apache.karaf.main.Main launch
INFO: Installing and starting initial bundles
Oct 03, 2019 2:35:28 PM org.apache.karaf.main.Main launch
INFO: All initial bundles installed and set to start
Oct 03, 2019 2:35:29 PM org.sonatype.nexus.karaf.NexusMain launch
INFO: ...launched Nexus!
Oct 03, 2019 2:35:29 PM org.apache.karaf.main.Main$KarafLockCallback lockAquired
INFO: Lock acquired. Setting startlevel to 100
