2019-10-03 14:22:03,655+0000 WARN  [pool-15-thread-1] *SYSTEM uk.org.lidalia.sysoutslf4j.context.SysOutOverSLF4JInitialiser - Your logging framework class org.ops4j.pax.logging.slf4j.Slf4jLogger is not known - if it needs access to the standard println methods on the console you will need to register it by calling registerLoggingSystemPackage
2019-10-03 14:22:03,767+0000 INFO  [pool-15-thread-1] *SYSTEM uk.org.lidalia.sysoutslf4j.context.SysOutOverSLF4J - Package org.ops4j.pax.logging.slf4j registered; all classes within it or subpackages of it will be allowed to print to System.out and System.err
2019-10-03 14:22:03,837+0000 INFO  [pool-15-thread-1] *SYSTEM uk.org.lidalia.sysoutslf4j.context.SysOutOverSLF4J - Replaced standard System.out and System.err PrintStreams with SLF4JPrintStreams
2019-10-03 14:22:03,846+0000 INFO  [pool-15-thread-1] *SYSTEM uk.org.lidalia.sysoutslf4j.context.SysOutOverSLF4J - Redirected System.out and System.err to SLF4J for this context
2019-10-03 14:22:03,953+0000 INFO  [pool-15-thread-1] *SYSTEM org.sonatype.nexus.bootstrap.ConfigurationBuilder - Properties:
2019-10-03 14:22:03,955+0000 INFO  [pool-15-thread-1] *SYSTEM org.sonatype.nexus.bootstrap.ConfigurationBuilder -   application-host='0.0.0.0'
2019-10-03 14:22:03,956+0000 INFO  [pool-15-thread-1] *SYSTEM org.sonatype.nexus.bootstrap.ConfigurationBuilder -   application-port='8081'
2019-10-03 14:22:03,958+0000 INFO  [pool-15-thread-1] *SYSTEM org.sonatype.nexus.bootstrap.ConfigurationBuilder -   fabric.etc='/opt/sonatype/nexus/etc/fabric'
2019-10-03 14:22:03,959+0000 INFO  [pool-15-thread-1] *SYSTEM org.sonatype.nexus.bootstrap.ConfigurationBuilder -   jetty.etc='/opt/sonatype/nexus/etc/jetty'
2019-10-03 14:22:03,960+0000 INFO  [pool-15-thread-1] *SYSTEM org.sonatype.nexus.bootstrap.ConfigurationBuilder -   karaf.base='/opt/sonatype/nexus'
2019-10-03 14:22:03,961+0000 INFO  [pool-15-thread-1] *SYSTEM org.sonatype.nexus.bootstrap.ConfigurationBuilder -   karaf.data='/nexus-data'
2019-10-03 14:22:03,962+0000 INFO  [pool-15-thread-1] *SYSTEM org.sonatype.nexus.bootstrap.ConfigurationBuilder -   karaf.etc='/opt/sonatype/nexus/etc/karaf'
2019-10-03 14:22:03,964+0000 INFO  [pool-15-thread-1] *SYSTEM org.sonatype.nexus.bootstrap.ConfigurationBuilder -   karaf.home='/opt/sonatype/nexus'
2019-10-03 14:22:03,965+0000 INFO  [pool-15-thread-1] *SYSTEM org.sonatype.nexus.bootstrap.ConfigurationBuilder -   karaf.instances='/nexus-data/instances'
2019-10-03 14:22:03,966+0000 INFO  [pool-15-thread-1] *SYSTEM org.sonatype.nexus.bootstrap.ConfigurationBuilder -   logback.etc='/opt/sonatype/nexus/etc/logback'
2019-10-03 14:22:03,967+0000 INFO  [pool-15-thread-1] *SYSTEM org.sonatype.nexus.bootstrap.ConfigurationBuilder -   nexus-args='/opt/sonatype/nexus/etc/jetty/jetty.xml,/opt/sonatype/nexus/etc/jetty/jetty-http.xml,/opt/sonatype/nexus/etc/jetty/jetty-requestlog.xml'
2019-10-03 14:22:03,968+0000 INFO  [pool-15-thread-1] *SYSTEM org.sonatype.nexus.bootstrap.ConfigurationBuilder -   nexus-context-path='/'
2019-10-03 14:22:03,969+0000 INFO  [pool-15-thread-1] *SYSTEM org.sonatype.nexus.bootstrap.ConfigurationBuilder -   nexus-edition='nexus-pro-edition'
2019-10-03 14:22:03,970+0000 INFO  [pool-15-thread-1] *SYSTEM org.sonatype.nexus.bootstrap.ConfigurationBuilder -   nexus-features='nexus-pro-feature'
2019-10-03 14:22:04,024+0000 INFO  [pool-15-thread-1] *SYSTEM org.sonatype.nexus.bootstrap.ConfigurationBuilder -   ssl.etc='/opt/sonatype/nexus/etc/ssl'
2019-10-03 14:22:04,026+0000 INFO  [pool-15-thread-1] *SYSTEM org.sonatype.nexus.bootstrap.Launcher - Java: 1.8.0_151, OpenJDK 64-Bit Server VM, Oracle Corporation, 25.151-b12
2019-10-03 14:22:04,029+0000 INFO  [pool-15-thread-1] *SYSTEM org.sonatype.nexus.bootstrap.Launcher - OS: Linux, 4.4.0-164-generic, amd64
2019-10-03 14:22:04,031+0000 INFO  [pool-15-thread-1] *SYSTEM org.sonatype.nexus.bootstrap.Launcher - User: nexus, en, /nexus-data
2019-10-03 14:22:04,031+0000 INFO  [pool-15-thread-1] *SYSTEM org.sonatype.nexus.bootstrap.Launcher - CWD: /opt/sonatype/nexus
2019-10-03 14:22:04,049+0000 INFO  [pool-15-thread-1] *SYSTEM org.sonatype.nexus.bootstrap.Launcher - TMP: /nexus-data/tmp
2019-10-03 14:22:04,156+0000 INFO  [pool-15-thread-1] *SYSTEM org.sonatype.nexus.bootstrap.jetty.JettyServer - Starting
2019-10-03 14:22:04,270+0000 INFO  [pool-15-thread-1] *SYSTEM org.eclipse.jetty.util.log - Logging initialized @30642ms
2019-10-03 14:22:04,354+0000 INFO  [pool-15-thread-1] *SYSTEM org.sonatype.nexus.bootstrap.jetty.JettyServer - Applying configuration: file:/opt/sonatype/nexus/etc/jetty/jetty.xml
2019-10-03 14:22:04,826+0000 INFO  [pool-15-thread-1] *SYSTEM org.sonatype.nexus.bootstrap.jetty.JettyServer - Applying configuration: file:/opt/sonatype/nexus/etc/jetty/jetty-http.xml
2019-10-03 14:22:05,033+0000 INFO  [pool-15-thread-1] *SYSTEM org.sonatype.nexus.bootstrap.jetty.JettyServer - Applying configuration: file:/opt/sonatype/nexus/etc/jetty/jetty-requestlog.xml
2019-10-03 14:22:05,147+0000 INFO  [jetty-main-1] *SYSTEM org.sonatype.nexus.bootstrap.jetty.JettyServer - Starting: org.eclipse.jetty.server.Server@2e1a4085
2019-10-03 14:22:05,227+0000 INFO  [jetty-main-1] *SYSTEM org.eclipse.jetty.server.Server - jetty-9.3.7.v20160115
2019-10-03 14:22:05,746+0000 INFO  [jetty-main-1] *SYSTEM org.sonatype.nexus.bootstrap.osgi.BootstrapListener - Initializing
2019-10-03 14:22:05,838+0000 INFO  [jetty-main-1] *SYSTEM org.sonatype.nexus.bootstrap.osgi.BootstrapListener - Loading OSS Edition
2019-10-03 14:22:05,842+0000 INFO  [jetty-main-1] *SYSTEM org.sonatype.nexus.bootstrap.osgi.BootstrapListener - Installing: nexus-oss-edition/3.1.0.04
2019-10-03 14:22:20,644+0000 INFO  [jetty-main-1] *SYSTEM org.sonatype.nexus.bootstrap.osgi.BootstrapListener - Installed: nexus-oss-edition/3.1.0.04
2019-10-03 14:22:23,641+0000 INFO  [jetty-main-1] *SYSTEM org.apache.shiro.nexus.NexusWebSessionManager - Global session timeout: 1800000 ms
2019-10-03 14:22:23,642+0000 INFO  [jetty-main-1] *SYSTEM org.apache.shiro.nexus.NexusWebSessionManager - Session-cookie prototype: name=NXSESSIONID
2019-10-03 14:22:23,852+0000 INFO  [jetty-main-1] *SYSTEM org.sonatype.nexus.extender.NexusBundleTracker - ACTIVATING org.apache.tika.core [104]
2019-10-03 14:22:24,544+0000 INFO  [jetty-main-1] *SYSTEM org.hibernate.validator.internal.util.Version - HV000001: Hibernate Validator 5.1.2.Final
2019-10-03 14:22:25,450+0000 INFO  [jetty-main-1] *SYSTEM org.sonatype.nexus.extender.NexusBundleTracker - ACTIVATED org.apache.tika.core [104]
2019-10-03 14:22:25,453+0000 INFO  [jetty-main-1] *SYSTEM org.sonatype.nexus.extender.NexusBundleTracker - ACTIVATING org.sonatype.nexus.common [126]
2019-10-03 14:22:25,630+0000 INFO  [jetty-main-1] *SYSTEM org.sonatype.nexus.extender.NexusBundleTracker - ACTIVATED org.sonatype.nexus.common [126]
2019-10-03 14:22:25,631+0000 INFO  [jetty-main-1] *SYSTEM org.sonatype.nexus.extender.NexusBundleTracker - ACTIVATING org.hibernate.validator [110]
2019-10-03 14:22:25,738+0000 INFO  [jetty-main-1] *SYSTEM org.sonatype.nexus.extender.NexusBundleTracker - ACTIVATED org.hibernate.validator [110]
2019-10-03 14:22:25,740+0000 INFO  [jetty-main-1] *SYSTEM org.sonatype.nexus.extender.NexusBundleTracker - ACTIVATING org.sonatype.nexus.commands [125]
2019-10-03 14:22:25,846+0000 INFO  [jetty-main-1] *SYSTEM org.sonatype.nexus.extender.NexusBundleTracker - ACTIVATED org.sonatype.nexus.commands [125]
2019-10-03 14:22:25,846+0000 INFO  [jetty-main-1] *SYSTEM org.sonatype.nexus.extender.NexusBundleTracker - ACTIVATING org.sonatype.nexus.crypto [127]
2019-10-03 14:22:26,148+0000 INFO  [jetty-main-1] *SYSTEM org.sonatype.nexus.extender.NexusBundleTracker - ACTIVATED org.sonatype.nexus.crypto [127]
2019-10-03 14:22:26,149+0000 INFO  [jetty-main-1] *SYSTEM org.sonatype.nexus.extender.NexusBundleTracker - ACTIVATING org.sonatype.nexus.jmx [135]
2019-10-03 14:22:26,325+0000 INFO  [jetty-main-1] *SYSTEM org.sonatype.nexus.extender.NexusBundleTracker - ACTIVATED org.sonatype.nexus.jmx [135]
2019-10-03 14:22:26,326+0000 INFO  [jetty-main-1] *SYSTEM org.sonatype.nexus.extender.NexusBundleTracker - ACTIVATING org.sonatype.nexus.orient [137]
2019-10-03 14:22:26,732+0000 INFO  [jetty-main-1] *SYSTEM org.sonatype.nexus.extender.NexusBundleTracker - ACTIVATED org.sonatype.nexus.orient [137]
2019-10-03 14:22:26,734+0000 INFO  [jetty-main-1] *SYSTEM org.sonatype.nexus.extender.NexusBundleTracker - ACTIVATING org.sonatype.nexus.security [144]
2019-10-03 14:22:27,450+0000 INFO  [jetty-main-1] *SYSTEM org.sonatype.nexus.common.event.EventBusImpl - Delegate: com.google.common.eventbus.ReentrantEventBus@6657e44d
2019-10-03 14:22:27,458+0000 INFO  [jetty-main-1] *SYSTEM org.sonatype.nexus.extender.NexusBundleTracker - ACTIVATED org.sonatype.nexus.security [144]
2019-10-03 14:22:27,458+0000 INFO  [jetty-main-1] *SYSTEM org.sonatype.nexus.extender.NexusBundleTracker - ACTIVATING org.sonatype.nexus.base [119]
2019-10-03 14:22:28,456+0000 INFO  [jetty-main-1] *SYSTEM org.sonatype.nexus.internal.metrics.MetricsModule - Metrics support configured
2019-10-03 14:22:34,239+0000 INFO  [jetty-main-1] *SYSTEM org.sonatype.nexus.extender.NexusBundleTracker - ACTIVATED org.sonatype.nexus.base [119]
2019-10-03 14:22:34,246+0000 INFO  [jetty-main-1] *SYSTEM org.sonatype.nexus.extender.NexusBundleTracker - ACTIVATING org.sonatype.nexus.blobstore-file [121]
2019-10-03 14:22:34,441+0000 INFO  [jetty-main-1] *SYSTEM org.sonatype.nexus.extender.NexusBundleTracker - ACTIVATED org.sonatype.nexus.blobstore-file [121]
2019-10-03 14:22:34,441+0000 INFO  [jetty-main-1] *SYSTEM org.sonatype.nexus.extender.NexusBundleTracker - ACTIVATING org.sonatype.nexus.cache [123]
2019-10-03 14:22:34,624+0000 INFO  [jetty-main-1] *SYSTEM org.sonatype.nexus.extender.NexusBundleTracker - ACTIVATED org.sonatype.nexus.cache [123]
2019-10-03 14:22:34,625+0000 INFO  [jetty-main-1] *SYSTEM org.sonatype.nexus.extender.NexusBundleTracker - ACTIVATING org.sonatype.nexus.capability [124]
2019-10-03 14:22:34,932+0000 INFO  [jetty-main-1] *SYSTEM org.sonatype.nexus.extender.NexusBundleTracker - ACTIVATED org.sonatype.nexus.capability [124]
2019-10-03 14:22:34,933+0000 INFO  [jetty-main-1] *SYSTEM org.sonatype.nexus.extender.NexusBundleTracker - ACTIVATING org.sonatype.nexus.email [128]
2019-10-03 14:22:35,029+0000 INFO  [jetty-main-1] *SYSTEM org.sonatype.nexus.extender.NexusBundleTracker - ACTIVATED org.sonatype.nexus.email [128]
2019-10-03 14:22:35,035+0000 INFO  [jetty-main-1] *SYSTEM org.sonatype.nexus.extender.NexusBundleTracker - ACTIVATING org.sonatype.nexus.extdirect [129]
2019-10-03 14:22:35,334+0000 INFO  [jetty-main-1] *SYSTEM org.sonatype.nexus.extender.NexusBundleTracker - ACTIVATED org.sonatype.nexus.extdirect [129]
2019-10-03 14:22:35,335+0000 INFO  [jetty-main-1] *SYSTEM org.sonatype.nexus.extender.NexusBundleTracker - ACTIVATING org.sonatype.nexus.httpclient [134]
2019-10-03 14:22:35,452+0000 INFO  [jetty-main-1] *SYSTEM org.sonatype.nexus.extender.NexusBundleTracker - ACTIVATED org.sonatype.nexus.httpclient [134]
2019-10-03 14:22:35,524+0000 INFO  [jetty-main-1] *SYSTEM org.sonatype.nexus.extender.NexusBundleTracker - ACTIVATING org.sonatype.nexus.oss-edition [138]
2019-10-03 14:22:35,625+0000 INFO  [jetty-main-1] *SYSTEM org.sonatype.nexus.extender.NexusBundleTracker - ACTIVATED org.sonatype.nexus.oss-edition [138]
2019-10-03 14:22:35,626+0000 INFO  [jetty-main-1] *SYSTEM org.sonatype.nexus.extender.NexusBundleTracker - ACTIVATING org.sonatype.nexus.rapture [140]
2019-10-03 14:22:36,327+0000 INFO  [jetty-main-1] *SYSTEM org.sonatype.nexus.extender.NexusBundleTracker - ACTIVATED org.sonatype.nexus.rapture [140]
2019-10-03 14:22:36,327+0000 INFO  [jetty-main-1] *SYSTEM org.sonatype.nexus.extender.NexusBundleTracker - ACTIVATING org.sonatype.nexus.rest-jackson2 [142]
2019-10-03 14:22:36,434+0000 INFO  [jetty-main-1] *SYSTEM org.sonatype.nexus.extender.NexusBundleTracker - ACTIVATED org.sonatype.nexus.rest-jackson2 [142]
2019-10-03 14:22:36,434+0000 INFO  [jetty-main-1] *SYSTEM org.sonatype.nexus.extender.NexusBundleTracker - ACTIVATING org.sonatype.nexus.scheduling [143]
2019-10-03 14:22:36,551+0000 INFO  [jetty-main-1] *SYSTEM org.sonatype.nexus.extender.NexusBundleTracker - ACTIVATED org.sonatype.nexus.scheduling [143]
2019-10-03 14:22:36,552+0000 INFO  [jetty-main-1] *SYSTEM org.sonatype.nexus.extender.NexusBundleTracker - ACTIVATING org.sonatype.nexus.siesta [146]
2019-10-03 14:22:36,926+0000 INFO  [jetty-main-1] *SYSTEM org.sonatype.nexus.extender.NexusBundleTracker - ACTIVATED org.sonatype.nexus.siesta [146]
2019-10-03 14:22:36,927+0000 INFO  [jetty-main-1] *SYSTEM org.sonatype.nexus.extender.NexusBundleTracker - ACTIVATING org.sonatype.nexus.upgrade [151]
2019-10-03 14:22:37,042+0000 INFO  [jetty-main-1] *SYSTEM org.sonatype.nexus.extender.NexusBundleTracker - ACTIVATED org.sonatype.nexus.upgrade [151]
2019-10-03 14:22:37,054+0000 INFO  [jetty-main-1] *SYSTEM org.sonatype.nexus.extender.NexusLifecycleManager - Start LOGGING
2019-10-03 14:22:37,127+0000 INFO  [jetty-main-1] *SYSTEM org.sonatype.nexus.internal.log.LogbackLoggerOverrides - File: /nexus-data/etc/logback/logback-overrides.xml
2019-10-03 14:22:37,133+0000 INFO  [jetty-main-1] *SYSTEM org.sonatype.nexus.internal.log.LogbackLogManager - Configuring
2019-10-03 14:22:37,146+0000 INFO  [jetty-main-1] *SYSTEM org.sonatype.nexus.extender.NexusContextListener - Installing: [nexus-oss-feature/3.1.0.04]
2019-10-03 14:23:14,135+0000 INFO  [FelixStartLevel] *SYSTEM org.sonatype.nexus.extender.NexusBundleTracker - ACTIVATING org.sonatype.nexus.elasticsearch [186]
2019-10-03 14:23:15,058+0000 INFO  [FelixStartLevel] *SYSTEM org.sonatype.nexus.extender.NexusBundleTracker - ACTIVATED org.sonatype.nexus.elasticsearch [186]
2019-10-03 14:23:15,126+0000 INFO  [FelixStartLevel] *SYSTEM org.sonatype.nexus.extender.NexusBundleTracker - ACTIVATING org.sonatype.nexus.selector [196]
2019-10-03 14:23:15,536+0000 INFO  [FelixStartLevel] *SYSTEM org.sonatype.nexus.extender.NexusBundleTracker - ACTIVATED org.sonatype.nexus.selector [196]
2019-10-03 14:23:15,537+0000 INFO  [FelixStartLevel] *SYSTEM org.sonatype.nexus.extender.NexusBundleTracker - ACTIVATING org.sonatype.nexus.repository [194]
2019-10-03 14:23:26,038+0000 INFO  [FelixStartLevel] *SYSTEM org.sonatype.nexus.extender.NexusBundleTracker - ACTIVATED org.sonatype.nexus.repository [194]
2019-10-03 14:23:26,042+0000 INFO  [FelixStartLevel] *SYSTEM org.sonatype.nexus.extender.NexusBundleTracker - ACTIVATING org.sonatype.nexus.plugins.nexus-repository-raw [191]
2019-10-03 14:23:26,844+0000 INFO  [FelixStartLevel] *SYSTEM org.sonatype.nexus.extender.NexusBundleTracker - ACTIVATED org.sonatype.nexus.plugins.nexus-repository-raw [191]
2019-10-03 14:23:26,845+0000 INFO  [FelixStartLevel] *SYSTEM org.sonatype.nexus.extender.NexusBundleTracker - ACTIVATING org.sonatype.nexus.plugins.nexus-ssl-plugin [192]
2019-10-03 14:23:27,737+0000 INFO  [FelixStartLevel] *SYSTEM org.sonatype.nexus.extender.NexusBundleTracker - ACTIVATED org.sonatype.nexus.plugins.nexus-ssl-plugin [192]
2019-10-03 14:23:27,739+0000 INFO  [FelixStartLevel] *SYSTEM org.sonatype.nexus.extender.NexusBundleTracker - ACTIVATING org.sonatype.nexus.plugins.nexus-repository-httpbridge [189]
2019-10-03 14:23:28,129+0000 INFO  [FelixStartLevel] *SYSTEM org.sonatype.nexus.extender.NexusBundleTracker - ACTIVATED org.sonatype.nexus.plugins.nexus-repository-httpbridge [189]
2019-10-03 14:23:28,130+0000 INFO  [FelixStartLevel] *SYSTEM org.sonatype.nexus.extender.NexusBundleTracker - ACTIVATING org.sonatype.nexus.quartz [193]
2019-10-03 14:23:29,047+0000 INFO  [FelixStartLevel] *SYSTEM org.sonatype.nexus.extender.NexusBundleTracker - ACTIVATED org.sonatype.nexus.quartz [193]
2019-10-03 14:23:29,048+0000 INFO  [FelixStartLevel] *SYSTEM org.sonatype.nexus.extender.NexusBundleTracker - ACTIVATING org.sonatype.nexus.plugins.nexus-coreui-plugin [188]
2019-10-03 14:23:37,640+0000 INFO  [FelixStartLevel] *SYSTEM org.sonatype.nexus.extender.NexusBundleTracker - ACTIVATED org.sonatype.nexus.plugins.nexus-coreui-plugin [188]
2019-10-03 14:23:37,641+0000 INFO  [pool-33-thread-1] *SYSTEM org.sonatype.nexus.extender.NexusBundleTracker - ACTIVATING org.sonatype.nexus.plugins.nexus-audit-plugin [187]
2019-10-03 14:23:38,154+0000 INFO  [pool-33-thread-1] *SYSTEM org.sonatype.nexus.extender.NexusBundleTracker - ACTIVATED org.sonatype.nexus.plugins.nexus-audit-plugin [187]
2019-10-03 14:23:38,155+0000 INFO  [FelixStartLevel] *SYSTEM org.sonatype.nexus.extender.NexusBundleTracker - ACTIVATING org.sonatype.nexus.plugins.nexus-repository-maven [190]
2019-10-03 14:23:39,235+0000 INFO  [FelixStartLevel] *SYSTEM org.sonatype.nexus.extender.NexusBundleTracker - ACTIVATED org.sonatype.nexus.plugins.nexus-repository-maven [190]
2019-10-03 14:23:39,236+0000 INFO  [pool-33-thread-1] *SYSTEM org.sonatype.nexus.extender.NexusBundleTracker - ACTIVATING org.sonatype.nexus.core [185]
2019-10-03 14:23:40,831+0000 INFO  [pool-33-thread-1] *SYSTEM org.sonatype.nexus.extender.NexusBundleTracker - ACTIVATED org.sonatype.nexus.core [185]
2019-10-03 14:23:40,945+0000 INFO  [jetty-main-1] *SYSTEM org.sonatype.nexus.extender.NexusContextListener - Installed: [nexus-oss-feature/3.1.0.04]
2019-10-03 14:23:41,035+0000 INFO  [FelixStartLevel] *SYSTEM org.sonatype.nexus.extender.NexusBundleTracker - ACTIVATING wrap_file__opt_sonatype_nexus_system_com_sonatype_licensing_license-bundle_1.4.3_license-bundle-1.4.3.jar [236]
2019-10-03 14:23:41,740+0000 INFO  [FelixStartLevel] *SYSTEM org.sonatype.nexus.extender.NexusBundleTracker - ACTIVATED wrap_file__opt_sonatype_nexus_system_com_sonatype_licensing_license-bundle_1.4.3_license-bundle-1.4.3.jar [236]
2019-10-03 14:23:41,742+0000 INFO  [FelixStartLevel] *SYSTEM org.sonatype.nexus.extender.NexusBundleTracker - ACTIVATING com.sonatype.nexus.licensing-extension [206]
2019-10-03 14:23:42,258+0000 INFO  [FelixStartLevel] *SYSTEM org.sonatype.nexus.extender.NexusBundleTracker - ACTIVATED com.sonatype.nexus.licensing-extension [206]
2019-10-03 14:23:42,328+0000 INFO  [FelixStartLevel] *SYSTEM org.sonatype.nexus.extender.NexusBundleTracker - ACTIVATING wrap_file__opt_sonatype_nexus_system_com_sonatype_insight_scan_insight-scanner-model-io_2.4.1-01_insight-scanner-model-io-2.4.1-01.jar [234]
2019-10-03 14:23:42,631+0000 INFO  [FelixStartLevel] *SYSTEM org.sonatype.nexus.extender.NexusBundleTracker - ACTIVATED wrap_file__opt_sonatype_nexus_system_com_sonatype_insight_scan_insight-scanner-model-io_2.4.1-01_insight-scanner-model-io-2.4.1-01.jar [234]
2019-10-03 14:23:42,634+0000 INFO  [FelixStartLevel] *SYSTEM org.sonatype.nexus.extender.NexusBundleTracker - ACTIVATING wrap_file__opt_sonatype_nexus_system_com_sonatype_insight_scan_insight-scanner-core_2.4.1-01_insight-scanner-core-2.4.1-01.jar [233]
2019-10-03 14:23:43,124+0000 INFO  [FelixStartLevel] *SYSTEM org.sonatype.nexus.extender.NexusBundleTracker - ACTIVATED wrap_file__opt_sonatype_nexus_system_com_sonatype_insight_scan_insight-scanner-core_2.4.1-01_insight-scanner-core-2.4.1-01.jar [233]
2019-10-03 14:23:43,126+0000 INFO  [FelixStartLevel] *SYSTEM org.sonatype.nexus.extender.NexusBundleTracker - ACTIVATING com.sonatype.nexus.plugins.nexus-healthcheck-base [209]
2019-10-03 14:23:43,929+0000 INFO  [FelixStartLevel] *SYSTEM org.sonatype.nexus.extender.NexusBundleTracker - ACTIVATED com.sonatype.nexus.plugins.nexus-healthcheck-base [209]
2019-10-03 14:23:43,931+0000 INFO  [FelixStartLevel] *SYSTEM org.sonatype.nexus.extender.NexusBundleTracker - ACTIVATING com.sonatype.nexus.plugins.nexus-ahc-plugin [207]
2019-10-03 14:23:44,629+0000 INFO  [FelixStartLevel] *SYSTEM org.sonatype.nexus.extender.NexusBundleTracker - ACTIVATED com.sonatype.nexus.plugins.nexus-ahc-plugin [207]
2019-10-03 14:23:44,632+0000 INFO  [FelixStartLevel] *SYSTEM org.sonatype.nexus.extender.NexusBundleTracker - ACTIVATING org.sonatype.nexus.rest-client [230]
2019-10-03 14:23:44,851+0000 INFO  [FelixStartLevel] *SYSTEM org.sonatype.nexus.extender.NexusBundleTracker - ACTIVATED org.sonatype.nexus.rest-client [230]
2019-10-03 14:23:44,851+0000 INFO  [FelixStartLevel] *SYSTEM org.sonatype.nexus.extender.NexusBundleTracker - ACTIVATING com.sonatype.nexus.plugins.nexus-analytics-plugin [208]
2019-10-03 14:23:45,335+0000 INFO  [FelixStartLevel] *SYSTEM org.sonatype.nexus.extender.NexusBundleTracker - ACTIVATED com.sonatype.nexus.plugins.nexus-analytics-plugin [208]
2019-10-03 14:23:45,343+0000 INFO  [FelixStartLevel] *SYSTEM org.sonatype.nexus.extender.NexusBundleTracker - ACTIVATING com.sonatype.nexus.plugins.nexus-healthcheck-oss-plugin [210]
2019-10-03 14:23:45,835+0000 INFO  [FelixStartLevel] *SYSTEM org.sonatype.nexus.extender.NexusBundleTracker - ACTIVATED com.sonatype.nexus.plugins.nexus-healthcheck-oss-plugin [210]
2019-10-03 14:23:45,848+0000 INFO  [FelixStartLevel] *SYSTEM org.sonatype.nexus.extender.NexusBundleTracker - ACTIVATING com.sonatype.nexus.plugins.nexus-ldap-plugin [211]
2019-10-03 14:23:46,853+0000 INFO  [FelixStartLevel] *SYSTEM org.sonatype.nexus.extender.NexusBundleTracker - ACTIVATED com.sonatype.nexus.plugins.nexus-ldap-plugin [211]
2019-10-03 14:23:46,854+0000 INFO  [FelixStartLevel] *SYSTEM org.sonatype.nexus.extender.NexusBundleTracker - ACTIVATING com.sonatype.nexus.plugins.nexus-licensing-plugin [212]
2019-10-03 14:23:48,852+0000 INFO  [FelixStartLevel] *SYSTEM org.sonatype.nexus.extender.NexusBundleTracker - ACTIVATED com.sonatype.nexus.plugins.nexus-licensing-plugin [212]
2019-10-03 14:23:48,853+0000 INFO  [FelixStartLevel] *SYSTEM org.sonatype.nexus.extender.NexusBundleTracker - ACTIVATING com.sonatype.nexus.plugins.nexus-repository-nuget [220]
2019-10-03 14:23:49,932+0000 INFO  [FelixStartLevel] *SYSTEM org.sonatype.nexus.extender.NexusBundleTracker - ACTIVATED com.sonatype.nexus.plugins.nexus-repository-nuget [220]
2019-10-03 14:23:49,933+0000 INFO  [FelixStartLevel] *SYSTEM org.sonatype.nexus.extender.NexusBundleTracker - ACTIVATING com.sonatype.nexus.plugins.nexus-repository-rubygems [222]
2019-10-03 14:23:50,339+0000 INFO  [FelixStartLevel] *SYSTEM org.sonatype.nexus.extender.NexusBundleTracker - ACTIVATED com.sonatype.nexus.plugins.nexus-repository-rubygems [222]
2019-10-03 14:23:50,340+0000 INFO  [FelixStartLevel] *SYSTEM org.sonatype.nexus.extender.NexusBundleTracker - ACTIVATING com.sonatype.nexus.plugins.nexus-migration-plugin [213]
2019-10-03 14:23:52,352+0000 INFO  [FelixStartLevel] *SYSTEM org.sonatype.nexus.extender.NexusBundleTracker - ACTIVATED com.sonatype.nexus.plugins.nexus-migration-plugin [213]
2019-10-03 14:23:52,352+0000 INFO  [FelixStartLevel] *SYSTEM org.sonatype.nexus.extender.NexusBundleTracker - ACTIVATING com.sonatype.nexus.plugins.nexus-outreach-plugin [214]
2019-10-03 14:23:52,940+0000 INFO  [FelixStartLevel] *SYSTEM org.sonatype.nexus.extender.NexusBundleTracker - ACTIVATED com.sonatype.nexus.plugins.nexus-outreach-plugin [214]
2019-10-03 14:23:52,941+0000 INFO  [FelixStartLevel] *SYSTEM org.sonatype.nexus.extender.NexusBundleTracker - ACTIVATING com.sonatype.nexus.plugins.nexus-proui-plugin [215]
2019-10-03 14:23:53,230+0000 INFO  [FelixStartLevel] *SYSTEM org.sonatype.nexus.extender.NexusBundleTracker - ACTIVATED com.sonatype.nexus.plugins.nexus-proui-plugin [215]
2019-10-03 14:23:53,232+0000 INFO  [FelixStartLevel] *SYSTEM org.sonatype.nexus.extender.NexusBundleTracker - ACTIVATING com.sonatype.nexus.plugins.nexus-proximanova-plugin [216]
2019-10-03 14:23:53,529+0000 INFO  [FelixStartLevel] *SYSTEM org.sonatype.nexus.extender.NexusBundleTracker - ACTIVATED com.sonatype.nexus.plugins.nexus-proximanova-plugin [216]
2019-10-03 14:23:53,531+0000 INFO  [FelixStartLevel] *SYSTEM org.sonatype.nexus.extender.NexusBundleTracker - ACTIVATING com.sonatype.nexus.plugins.nexus-repository-bower [217]
2019-10-03 14:23:54,134+0000 INFO  [FelixStartLevel] *SYSTEM org.sonatype.nexus.extender.NexusBundleTracker - ACTIVATED com.sonatype.nexus.plugins.nexus-repository-bower [217]
2019-10-03 14:23:54,136+0000 INFO  [FelixStartLevel] *SYSTEM org.sonatype.nexus.extender.NexusBundleTracker - ACTIVATING com.sonatype.nexus.plugins.nexus-repository-docker [218]
2019-10-03 14:23:55,843+0000 INFO  [FelixStartLevel] *SYSTEM org.sonatype.nexus.extender.NexusBundleTracker - ACTIVATED com.sonatype.nexus.plugins.nexus-repository-docker [218]
2019-10-03 14:23:55,846+0000 INFO  [FelixStartLevel] *SYSTEM org.sonatype.nexus.extender.NexusBundleTracker - ACTIVATING com.sonatype.nexus.plugins.nexus-repository-npm [219]
2019-10-03 14:23:56,830+0000 INFO  [FelixStartLevel] *SYSTEM org.sonatype.nexus.extender.NexusBundleTracker - ACTIVATED com.sonatype.nexus.plugins.nexus-repository-npm [219]
2019-10-03 14:23:56,833+0000 INFO  [FelixStartLevel] *SYSTEM org.sonatype.nexus.extender.NexusBundleTracker - ACTIVATING com.sonatype.nexus.plugins.nexus-repository-pypi [221]
2019-10-03 14:23:57,643+0000 INFO  [FelixStartLevel] *SYSTEM org.sonatype.nexus.extender.NexusBundleTracker - ACTIVATED com.sonatype.nexus.plugins.nexus-repository-pypi [221]
2019-10-03 14:23:57,645+0000 INFO  [FelixStartLevel] *SYSTEM org.sonatype.nexus.extender.NexusBundleTracker - ACTIVATING com.sonatype.nexus.plugins.nexus-rutauth-plugin [223]
2019-10-03 14:23:57,959+0000 INFO  [FelixStartLevel] *SYSTEM org.sonatype.nexus.extender.NexusBundleTracker - ACTIVATED com.sonatype.nexus.plugins.nexus-rutauth-plugin [223]
2019-10-03 14:23:58,025+0000 INFO  [FelixStartLevel] *SYSTEM org.sonatype.nexus.extender.NexusBundleTracker - ACTIVATING org.sonatype.nexus.plugins.nexus-script-plugin [229]
2019-10-03 14:23:58,252+0000 INFO  [FelixStartLevel] *SYSTEM org.sonatype.nexus.extender.NexusBundleTracker - ACTIVATED org.sonatype.nexus.plugins.nexus-script-plugin [229]
2019-10-03 14:23:58,326+0000 INFO  [FelixStartLevel] *SYSTEM org.sonatype.nexus.extender.NexusLifecycleManager - Start STORAGE
2019-10-03 14:23:58,633+0000 INFO  [FelixStartLevel] *SYSTEM org.sonatype.nexus.internal.node.LocalNodeAccess - ID: E1D63F33-AE24ABDE-7DA537D9-9CE090BC-EA60A2A2
2019-10-03 14:23:58,638+0000 INFO  [FelixStartLevel] *SYSTEM org.sonatype.nexus.internal.orient.DatabaseServerImpl - OrientDB version: 2.2.11
2019-10-03 14:23:58,847+0000 INFO  [FelixStartLevel] *SYSTEM com.orientechnologies.orient.server.OServer - OrientDB Server v2.2.11 is starting up...
2019-10-03 14:23:58,858+0000 INFO  [FelixStartLevel] *SYSTEM com.orientechnologies.orient.server.OServer - Databases directory: /nexus-data/db
2019-10-03 14:24:04,046+0000 INFO  [FelixStartLevel] *SYSTEM com.orientechnologies - OrientDB auto-config DISKCACHE=2,048MB (heap=1,130MB direct=2,048MB os=7,983MB)
2019-10-03 14:24:04,839+0000 WARN  [FelixStartLevel] *SYSTEM com.orientechnologies.orient.server.OServer - Found ORIENTDB_ROOT_PASSWORD variable, using this value as root's password
2019-10-03 14:24:06,551+0000 INFO  [FelixStartLevel] *SYSTEM com.orientechnologies.orient.server.handler.OJMXPlugin - JMX plugin installed and active: profilerManaged=true
2019-10-03 14:24:06,555+0000 INFO  [FelixStartLevel] *SYSTEM com.orientechnologies.orient.server.OServer - OrientDB Studio available at $ANSI{blue http://localhost:2480/studio/index.html}
2019-10-03 14:24:06,555+0000 INFO  [FelixStartLevel] *SYSTEM com.orientechnologies.orient.server.OServer - $ANSI{green:italic OrientDB Server is active} v2.2.11.
2019-10-03 14:24:06,556+0000 INFO  [FelixStartLevel] *SYSTEM org.sonatype.nexus.internal.orient.DatabaseServerImpl - Activated
2019-10-03 14:24:06,558+0000 INFO  [FelixStartLevel] *SYSTEM org.sonatype.nexus.extender.NexusLifecycleManager - Start UPGRADE
2019-10-03 14:24:10,401+0000 WARN  [FelixStartLevel] *SYSTEM com.orientechnologies.orient.core.storage.impl.local.paginated.OLocalPaginatedStorage - $ANSI{green {db=config}} Storage 'config' was not closed properly. Will try to recover from write ahead log
2019-10-03 14:24:10,402+0000 INFO  [FelixStartLevel] *SYSTEM com.orientechnologies.orient.core.storage.impl.local.paginated.OLocalPaginatedStorage - $ANSI{green {db=config}} Looking for last checkpoint...
2019-10-03 14:24:10,550+0000 INFO  [FelixStartLevel] *SYSTEM com.orientechnologies.orient.core.storage.impl.local.paginated.OLocalPaginatedStorage - $ANSI{green {db=config}} Found FUZZY checkpoint.
2019-10-03 14:24:10,551+0000 INFO  [FelixStartLevel] *SYSTEM com.orientechnologies.orient.core.storage.impl.local.paginated.OLocalPaginatedStorage - $ANSI{green {db=config}} Data restore procedure from FUZZY checkpoint is started.
2019-10-03 14:24:10,555+0000 WARN  [FelixStartLevel] *SYSTEM com.orientechnologies.orient.core.storage.impl.local.paginated.OLocalPaginatedStorage - $ANSI{green {db=config}} Record com.orientechnologies.orient.core.storage.impl.local.paginated.wal.OFuzzyCheckpointEndRecord{lsn=OLogSequenceNumber{segment=0, position=5202933}} will be skipped during data restore
2019-10-03 14:24:10,558+0000 WARN  [FelixStartLevel] *SYSTEM com.orientechnologies.orient.core.storage.impl.local.paginated.OLocalPaginatedStorage - $ANSI{green {db=config}} Record OFuzzyCheckpointStartRecord{lsn=OLogSequenceNumber{segment=0, position=5202940}} com.orientechnologies.orient.core.storage.impl.local.paginated.wal.OFuzzyCheckpointStartRecord{lsn=null, previousCheckpoint=OLogSequenceNumber{segment=0, position=5202893}} will be skipped during data restore
2019-10-03 14:24:10,558+0000 WARN  [FelixStartLevel] *SYSTEM com.orientechnologies.orient.core.storage.impl.local.paginated.OLocalPaginatedStorage - $ANSI{green {db=config}} Record com.orientechnologies.orient.core.storage.impl.local.paginated.wal.OFuzzyCheckpointEndRecord{lsn=OLogSequenceNumber{segment=0, position=5202980}} will be skipped during data restore
2019-10-03 14:24:10,558+0000 INFO  [FelixStartLevel] *SYSTEM com.orientechnologies.orient.core.storage.impl.local.paginated.OLocalPaginatedStorage - $ANSI{green {db=config}} Storage data recover was completed
2019-10-03 14:24:19,429+0000 INFO  [FelixStartLevel] *SYSTEM org.sonatype.nexus.extender.NexusLifecycleManager - Start SCHEMAS
2019-10-03 14:24:21,707+0000 WARN  [FelixStartLevel] *SYSTEM com.orientechnologies.orient.core.storage.impl.local.paginated.OLocalPaginatedStorage - $ANSI{green {db=security}} Storage 'security' was not closed properly. Will try to recover from write ahead log
2019-10-03 14:24:21,725+0000 INFO  [FelixStartLevel] *SYSTEM com.orientechnologies.orient.core.storage.impl.local.paginated.OLocalPaginatedStorage - $ANSI{green {db=security}} Looking for last checkpoint...
2019-10-03 14:24:21,725+0000 INFO  [FelixStartLevel] *SYSTEM com.orientechnologies.orient.core.storage.impl.local.paginated.OLocalPaginatedStorage - $ANSI{green {db=security}} Found FUZZY checkpoint.
2019-10-03 14:24:21,725+0000 INFO  [FelixStartLevel] *SYSTEM com.orientechnologies.orient.core.storage.impl.local.paginated.OLocalPaginatedStorage - $ANSI{green {db=security}} Data restore procedure from FUZZY checkpoint is started.
2019-10-03 14:24:21,725+0000 WARN  [FelixStartLevel] *SYSTEM com.orientechnologies.orient.core.storage.impl.local.paginated.OLocalPaginatedStorage - $ANSI{green {db=security}} Record com.orientechnologies.orient.core.storage.impl.local.paginated.wal.OFuzzyCheckpointEndRecord{lsn=OLogSequenceNumber{segment=0, position=1465718}} will be skipped during data restore
2019-10-03 14:24:21,726+0000 WARN  [FelixStartLevel] *SYSTEM com.orientechnologies.orient.core.storage.impl.local.paginated.OLocalPaginatedStorage - $ANSI{green {db=security}} Record OFuzzyCheckpointStartRecord{lsn=OLogSequenceNumber{segment=0, position=1465725}} com.orientechnologies.orient.core.storage.impl.local.paginated.wal.OFuzzyCheckpointStartRecord{lsn=null, previousCheckpoint=OLogSequenceNumber{segment=0, position=1465678}} will be skipped during data restore
2019-10-03 14:24:21,726+0000 WARN  [FelixStartLevel] *SYSTEM com.orientechnologies.orient.core.storage.impl.local.paginated.OLocalPaginatedStorage - $ANSI{green {db=security}} Record com.orientechnologies.orient.core.storage.impl.local.paginated.wal.OFuzzyCheckpointEndRecord{lsn=OLogSequenceNumber{segment=0, position=1465765}} will be skipped during data restore
2019-10-03 14:24:21,726+0000 INFO  [FelixStartLevel] *SYSTEM com.orientechnologies.orient.core.storage.impl.local.paginated.OLocalPaginatedStorage - $ANSI{green {db=security}} Storage data recover was completed
2019-10-03 14:24:22,247+0000 INFO  [FelixStartLevel] *SYSTEM org.sonatype.nexus.extender.NexusLifecycleManager - Start EVENTS
2019-10-03 14:24:23,033+0000 INFO  [FelixStartLevel] *SYSTEM org.sonatype.nexus.quartz.internal.QuartzSchedulerSPI - Thread-pool size: 20
2019-10-03 14:24:24,756+0000 INFO  [FelixStartLevel] *SYSTEM org.sonatype.nexus.extender.NexusLifecycleManager - Start SECURITY
2019-10-03 14:24:24,759+0000 INFO  [FelixStartLevel] *SYSTEM org.sonatype.nexus.security.internal.DefaultSecuritySystem - Unlimited strength JCE policy detected
2019-10-03 14:24:25,143+0000 INFO  [FelixStartLevel] *SYSTEM org.sonatype.nexus.security.internal.RealmManagerImpl - Using default configuration: RealmConfiguration{realmNames=[NexusAuthenticatingRealm, NexusAuthorizingRealm]}
2019-10-03 14:24:25,234+0000 INFO  [FelixStartLevel] *SYSTEM org.sonatype.nexus.cache.internal.RuntimeCacheManagerProvider - Cache-provider: ehcache
2019-10-03 14:24:25,336+0000 INFO  [FelixStartLevel] *SYSTEM org.sonatype.nexus.cache.internal.ehcache.EhCacheManagerProvider - Creating cache-manager with configuration: file:/opt/sonatype/nexus/etc/fabric/ehcache.xml
2019-10-03 14:24:27,157+0000 INFO  [FelixStartLevel] *SYSTEM org.sonatype.nexus.extender.NexusLifecycleManager - Start SERVICES
2019-10-03 14:24:28,127+0000 WARN  [FelixStartLevel] *SYSTEM com.orientechnologies.orient.core.storage.impl.local.paginated.OLocalPaginatedStorage - $ANSI{green {db=accesslog}} Storage 'accesslog' was not closed properly. Will try to recover from write ahead log
2019-10-03 14:24:28,127+0000 INFO  [FelixStartLevel] *SYSTEM com.orientechnologies.orient.core.storage.impl.local.paginated.OLocalPaginatedStorage - $ANSI{green {db=accesslog}} Looking for last checkpoint...
2019-10-03 14:24:28,127+0000 INFO  [FelixStartLevel] *SYSTEM com.orientechnologies.orient.core.storage.impl.local.paginated.OLocalPaginatedStorage - $ANSI{green {db=accesslog}} Found FUZZY checkpoint.
2019-10-03 14:24:28,127+0000 INFO  [FelixStartLevel] *SYSTEM com.orientechnologies.orient.core.storage.impl.local.paginated.OLocalPaginatedStorage - $ANSI{green {db=accesslog}} Data restore procedure from FUZZY checkpoint is started.
2019-10-03 14:24:28,128+0000 WARN  [FelixStartLevel] *SYSTEM com.orientechnologies.orient.core.storage.impl.local.paginated.OLocalPaginatedStorage - $ANSI{green {db=accesslog}} Record com.orientechnologies.orient.core.storage.impl.local.paginated.wal.OFuzzyCheckpointEndRecord{lsn=OLogSequenceNumber{segment=0, position=971764}} will be skipped during data restore
2019-10-03 14:24:28,128+0000 WARN  [FelixStartLevel] *SYSTEM com.orientechnologies.orient.core.storage.impl.local.paginated.OLocalPaginatedStorage - $ANSI{green {db=accesslog}} Record OFuzzyCheckpointStartRecord{lsn=OLogSequenceNumber{segment=0, position=971771}} com.orientechnologies.orient.core.storage.impl.local.paginated.wal.OFuzzyCheckpointStartRecord{lsn=null, previousCheckpoint=OLogSequenceNumber{segment=0, position=971724}} will be skipped during data restore
2019-10-03 14:24:28,128+0000 WARN  [FelixStartLevel] *SYSTEM com.orientechnologies.orient.core.storage.impl.local.paginated.OLocalPaginatedStorage - $ANSI{green {db=accesslog}} Record com.orientechnologies.orient.core.storage.impl.local.paginated.wal.OFuzzyCheckpointEndRecord{lsn=OLogSequenceNumber{segment=0, position=971811}} will be skipped during data restore
2019-10-03 14:24:28,128+0000 INFO  [FelixStartLevel] *SYSTEM com.orientechnologies.orient.core.storage.impl.local.paginated.OLocalPaginatedStorage - $ANSI{green {db=accesslog}} Storage data recover was completed
2019-10-03 14:24:29,192+0000 INFO  [FelixStartLevel] *SYSTEM org.sonatype.nexus.blobstore.file.internal.BlobStoreMetricsStoreImpl - Loading blob store metrics file /nexus-data/blobs/default/metrics.properties
2019-10-03 14:24:33,330+0000 WARN  [FelixStartLevel] *SYSTEM com.orientechnologies.orient.core.storage.impl.local.paginated.OLocalPaginatedStorage - $ANSI{green {db=component}} Storage 'component' was not closed properly. Will try to recover from write ahead log
2019-10-03 14:24:33,331+0000 INFO  [FelixStartLevel] *SYSTEM com.orientechnologies.orient.core.storage.impl.local.paginated.OLocalPaginatedStorage - $ANSI{green {db=component}} Looking for last checkpoint...
2019-10-03 14:24:33,333+0000 INFO  [FelixStartLevel] *SYSTEM com.orientechnologies.orient.core.storage.impl.local.paginated.OLocalPaginatedStorage - $ANSI{green {db=component}} Found FUZZY checkpoint.
2019-10-03 14:24:33,333+0000 INFO  [FelixStartLevel] *SYSTEM com.orientechnologies.orient.core.storage.impl.local.paginated.OLocalPaginatedStorage - $ANSI{green {db=component}} Data restore procedure from FUZZY checkpoint is started.
2019-10-03 14:24:33,333+0000 WARN  [FelixStartLevel] *SYSTEM com.orientechnologies.orient.core.storage.impl.local.paginated.OLocalPaginatedStorage - $ANSI{green {db=component}} Record com.orientechnologies.orient.core.storage.impl.local.paginated.wal.OFuzzyCheckpointEndRecord{lsn=OLogSequenceNumber{segment=0, position=2026780}} will be skipped during data restore
2019-10-03 14:24:33,334+0000 WARN  [FelixStartLevel] *SYSTEM com.orientechnologies.orient.core.storage.impl.local.paginated.OLocalPaginatedStorage - $ANSI{green {db=component}} Record OFuzzyCheckpointStartRecord{lsn=OLogSequenceNumber{segment=0, position=2026787}} com.orientechnologies.orient.core.storage.impl.local.paginated.wal.OFuzzyCheckpointStartRecord{lsn=null, previousCheckpoint=OLogSequenceNumber{segment=0, position=2026740}} will be skipped during data restore
2019-10-03 14:24:33,334+0000 WARN  [FelixStartLevel] *SYSTEM com.orientechnologies.orient.core.storage.impl.local.paginated.OLocalPaginatedStorage - $ANSI{green {db=component}} Record com.orientechnologies.orient.core.storage.impl.local.paginated.wal.OFuzzyCheckpointEndRecord{lsn=OLogSequenceNumber{segment=0, position=2026827}} will be skipped during data restore
2019-10-03 14:24:33,334+0000 INFO  [FelixStartLevel] *SYSTEM com.orientechnologies.orient.core.storage.impl.local.paginated.OLocalPaginatedStorage - $ANSI{green {db=component}} Storage data recover was completed
2019-10-03 14:24:37,155+0000 INFO  [FelixStartLevel] *SYSTEM org.sonatype.nexus.internal.httpclient.HttpClientManagerImpl - Using default configuration: HttpClientConfiguration{connection=null, proxy=null, authentication=null}
2019-10-03 14:24:38,039+0000 INFO  [FelixStartLevel] *SYSTEM org.sonatype.nexus.elasticsearch.internal.NodeProvider - Creating node with config: /opt/sonatype/nexus/etc/fabric/elasticsearch.yml
2019-10-03 14:24:38,737+0000 INFO  [FelixStartLevel] *SYSTEM org.elasticsearch.node - [E1D63F33-AE24ABDE-7DA537D9-9CE090BC-EA60A2A2] version[2.2.0], pid[11], build[NA/NA]
2019-10-03 14:24:38,738+0000 INFO  [FelixStartLevel] *SYSTEM org.elasticsearch.node - [E1D63F33-AE24ABDE-7DA537D9-9CE090BC-EA60A2A2] initializing ...
2019-10-03 14:24:38,759+0000 INFO  [FelixStartLevel] *SYSTEM org.elasticsearch.plugins - [E1D63F33-AE24ABDE-7DA537D9-9CE090BC-EA60A2A2] modules [], plugins [content-auth-plugin], sites []
2019-10-03 14:24:38,939+0000 INFO  [FelixStartLevel] *SYSTEM org.elasticsearch.env - [E1D63F33-AE24ABDE-7DA537D9-9CE090BC-EA60A2A2] using [1] data paths, mounts [[/nexus-data (/dev/sda1)]], net usable_space [1.4gb], net total_space [9.6gb], spins? [possibly], types [ext4]
2019-10-03 14:24:38,939+0000 INFO  [FelixStartLevel] *SYSTEM org.elasticsearch.env - [E1D63F33-AE24ABDE-7DA537D9-9CE090BC-EA60A2A2] heap size [1.1gb], compressed ordinary object pointers [true]
2019-10-03 14:24:51,033+0000 INFO  [FelixStartLevel] *SYSTEM org.elasticsearch.node - [E1D63F33-AE24ABDE-7DA537D9-9CE090BC-EA60A2A2] initialized
2019-10-03 14:24:51,034+0000 INFO  [FelixStartLevel] *SYSTEM org.elasticsearch.node - [E1D63F33-AE24ABDE-7DA537D9-9CE090BC-EA60A2A2] starting ...
2019-10-03 14:24:51,035+0000 INFO  [FelixStartLevel] *SYSTEM org.elasticsearch.transport - [E1D63F33-AE24ABDE-7DA537D9-9CE090BC-EA60A2A2] publish_address {local[1]}, bound_addresses {local[1]}
2019-10-03 14:24:51,045+0000 INFO  [FelixStartLevel] *SYSTEM org.elasticsearch.discovery - [E1D63F33-AE24ABDE-7DA537D9-9CE090BC-EA60A2A2] nexus/UXMAGsfwQ3CqY43WDxvMaw
2019-10-03 14:24:51,049+0000 INFO  [elasticsearch[E1D63F33-AE24ABDE-7DA537D9-9CE090BC-EA60A2A2][clusterService#updateTask][T#1]] *SYSTEM org.elasticsearch.cluster.service - [E1D63F33-AE24ABDE-7DA537D9-9CE090BC-EA60A2A2] master {new {E1D63F33-AE24ABDE-7DA537D9-9CE090BC-EA60A2A2}{UXMAGsfwQ3CqY43WDxvMaw}{local}{local[1]}{local=true, master=true}}, removed {{E1D63F33-AE24ABDE-7DA537D9-9CE090BC-EA60A2A2}{RL6EYzBYScC5oO83GGuzDA}{local}{local[1]}{local=true, master=true},}, reason: local-disco-initial_connect(master)
2019-10-03 14:24:51,060+0000 INFO  [FelixStartLevel] *SYSTEM org.elasticsearch.node - [E1D63F33-AE24ABDE-7DA537D9-9CE090BC-EA60A2A2] started
2019-10-03 14:24:51,505+0000 INFO  [elasticsearch[E1D63F33-AE24ABDE-7DA537D9-9CE090BC-EA60A2A2][clusterService#updateTask][T#1]] *SYSTEM org.elasticsearch.gateway - [E1D63F33-AE24ABDE-7DA537D9-9CE090BC-EA60A2A2] recovered [6] indices into cluster_state
2019-10-03 14:24:59,443+0000 INFO  [elasticsearch[E1D63F33-AE24ABDE-7DA537D9-9CE090BC-EA60A2A2][clusterService#updateTask][T#1]] *SYSTEM org.elasticsearch.cluster.routing.allocation - [E1D63F33-AE24ABDE-7DA537D9-9CE090BC-EA60A2A2] Cluster health status changed from [RED] to [YELLOW] (reason: [shards started [[2e9a1e67e8a325bcd6ee9f6790ff6c769e791d56][2], [2e9a1e67e8a325bcd6ee9f6790ff6c769e791d56][2]] ...]).
2019-10-03 14:25:00,059+0000 INFO  [FelixStartLevel] *SYSTEM org.sonatype.nexus.quartz.internal.orient.JobStoreImpl - Instance name: nexus; ID: E1D63F33-AE24ABDE-7DA537D9-9CE090BC-EA60A2A2
2019-10-03 14:25:00,135+0000 INFO  [FelixStartLevel] *SYSTEM org.sonatype.nexus.quartz.internal.orient.JobStoreImpl - Initialized
2019-10-03 14:25:00,228+0000 INFO  [FelixStartLevel] *SYSTEM org.sonatype.nexus.quartz.internal.QuartzSchedulerSPI - Quartz Scheduler v2.2.2
2019-10-03 14:25:00,320+0000 INFO  [FelixStartLevel] *SYSTEM org.sonatype.nexus.extender.NexusLifecycleManager - Start CAPABILITIES
2019-10-03 14:25:02,532+0000 INFO  [FelixStartLevel] *SYSTEM org.sonatype.nexus.extender.NexusLifecycleManager - Start TASKS
2019-10-03 14:25:02,673+0000 INFO  [FelixStartLevel] *SYSTEM org.sonatype.nexus.quartz.internal.QuartzSchedulerSPI - Scheduler put into ready mode
2019-10-03 14:25:02,849+0000 INFO  [jetty-main-1] *SYSTEM org.sonatype.nexus.bootstrap.osgi.BootstrapListener - Initialized
2019-10-03 14:25:02,939+0000 INFO  [jetty-main-1] *SYSTEM org.sonatype.nexus.rapture.internal.RaptureWebResourceBundle - UI plugin descriptors:
2019-10-03 14:25:02,943+0000 INFO  [jetty-main-1] *SYSTEM org.sonatype.nexus.rapture.internal.RaptureWebResourceBundle -   nexus-rapture
2019-10-03 14:25:02,946+0000 INFO  [jetty-main-1] *SYSTEM org.sonatype.nexus.rapture.internal.RaptureWebResourceBundle -   nexus-proximanova-plugin
2019-10-03 14:25:02,948+0000 INFO  [jetty-main-1] *SYSTEM org.sonatype.nexus.rapture.internal.RaptureWebResourceBundle -   nexus-coreui-plugin
2019-10-03 14:25:02,950+0000 INFO  [jetty-main-1] *SYSTEM org.sonatype.nexus.rapture.internal.RaptureWebResourceBundle -   nexus-proui-plugin
2019-10-03 14:25:03,043+0000 INFO  [jetty-main-1] *SYSTEM org.sonatype.nexus.internal.webresources.WebResourceServlet - Max-age: 30 days (2592000 seconds)
2019-10-03 14:25:03,337+0000 INFO  [jetty-main-1] *SYSTEM com.softwarementors.extjs.djn.servlet.DirectJNgineServlet - Servlet GLOBAL configuration: debug=false, providersUrl=service/extdirect, minify=false, batchRequestsMultithreadingEnabled=true, batchRequestsMinThreadsPoolSize=16, batchRequestsMaxThreadsPoolSize=80, batchRequestsMaxThreadsPerRequest=8, batchRequestsMaxThreadKeepAliveSeconds=60, gsonBuilderConfiguratorClass=org.sonatype.nexus.extdirect.internal.ExtDirectGsonBuilderConfigurator, dispatcherClass=com.softwarementors.extjs.djn.servlet.ssm.SsmDispatcher, jsonRequestProcessorThreadClass=org.sonatype.nexus.extdirect.internal.ExtDirectJsonRequestProcessorThread, contextPath=--not specified: calculated via Javascript--, createSourceFiles=true
2019-10-03 14:25:03,343+0000 INFO  [jetty-main-1] *SYSTEM com.softwarementors.extjs.djn.servlet.DirectJNgineServlet - Servlet GLOBAL configuration: registryConfiguratorClass=
2019-10-03 14:25:03,533+0000 INFO  [jetty-main-1] *SYSTEM com.softwarementors.extjs.djn.jscodegen.CodeFileGenerator - Creating source files for APIs...
2019-10-03 14:25:05,244+0000 INFO  [jetty-main-1] *SYSTEM org.sonatype.nexus.siesta.SiestaServlet - JAX-RS RuntimeDelegate: org.sonatype.nexus.siesta.internal.resteasy.SisuResteasyProviderFactory@4b81dae9
2019-10-03 14:25:05,837+0000 INFO  [jetty-main-1] *SYSTEM org.jboss.resteasy.plugins.validation.i18n - RESTEASY008550: Unable to find CDI supporting ValidatorFactory. Using default ValidatorFactory
2019-10-03 14:25:06,154+0000 INFO  [jetty-main-1] *SYSTEM org.sonatype.nexus.siesta.SiestaServlet - Initialized
2019-10-03 14:25:06,233+0000 INFO  [jetty-main-1] *SYSTEM org.sonatype.nexus.repository.httpbridge.internal.ViewServlet - Initialized
2019-10-03 14:25:06,628+0000 INFO  [jetty-main-1] *SYSTEM org.eclipse.jetty.server.handler.ContextHandler - Started o.e.j.w.WebAppContext@572d787{/,file:///opt/sonatype/nexus/public/,AVAILABLE}
2019-10-03 14:25:07,571+0000 INFO  [jetty-main-1] *SYSTEM org.eclipse.jetty.server.ServerConnector - Started ServerConnector@2b1fdd86{HTTP/1.1,[http/1.1]}{0.0.0.0:8081}
2019-10-03 14:25:07,634+0000 INFO  [jetty-main-1] *SYSTEM org.eclipse.jetty.server.Server - Started @214006ms
2019-10-03 14:25:07,637+0000 INFO  [jetty-main-1] *SYSTEM org.sonatype.nexus.bootstrap.jetty.JettyServer - 
-------------------------------------------------

Started Sonatype Nexus OSS 3.1.0-04

-------------------------------------------------
2019-10-03 14:35:42,934+0000 WARN  [pool-15-thread-1] *SYSTEM uk.org.lidalia.sysoutslf4j.context.SysOutOverSLF4JInitialiser - Your logging framework class org.ops4j.pax.logging.slf4j.Slf4jLogger is not known - if it needs access to the standard println methods on the console you will need to register it by calling registerLoggingSystemPackage
2019-10-03 14:35:42,948+0000 INFO  [pool-15-thread-1] *SYSTEM uk.org.lidalia.sysoutslf4j.context.SysOutOverSLF4J - Package org.ops4j.pax.logging.slf4j registered; all classes within it or subpackages of it will be allowed to print to System.out and System.err
2019-10-03 14:35:43,039+0000 INFO  [pool-15-thread-1] *SYSTEM uk.org.lidalia.sysoutslf4j.context.SysOutOverSLF4J - Replaced standard System.out and System.err PrintStreams with SLF4JPrintStreams
2019-10-03 14:35:43,053+0000 INFO  [pool-15-thread-1] *SYSTEM uk.org.lidalia.sysoutslf4j.context.SysOutOverSLF4J - Redirected System.out and System.err to SLF4J for this context
2019-10-03 14:35:43,149+0000 INFO  [pool-15-thread-1] *SYSTEM org.sonatype.nexus.bootstrap.ConfigurationBuilder - Properties:
2019-10-03 14:35:43,151+0000 INFO  [pool-15-thread-1] *SYSTEM org.sonatype.nexus.bootstrap.ConfigurationBuilder -   application-host='0.0.0.0'
2019-10-03 14:35:43,154+0000 INFO  [pool-15-thread-1] *SYSTEM org.sonatype.nexus.bootstrap.ConfigurationBuilder -   application-port='8081'
2019-10-03 14:35:43,155+0000 INFO  [pool-15-thread-1] *SYSTEM org.sonatype.nexus.bootstrap.ConfigurationBuilder -   fabric.etc='/opt/sonatype/nexus/etc/fabric'
2019-10-03 14:35:43,232+0000 INFO  [pool-15-thread-1] *SYSTEM org.sonatype.nexus.bootstrap.ConfigurationBuilder -   jetty.etc='/opt/sonatype/nexus/etc/jetty'
2019-10-03 14:35:43,234+0000 INFO  [pool-15-thread-1] *SYSTEM org.sonatype.nexus.bootstrap.ConfigurationBuilder -   karaf.base='/opt/sonatype/nexus'
2019-10-03 14:35:43,235+0000 INFO  [pool-15-thread-1] *SYSTEM org.sonatype.nexus.bootstrap.ConfigurationBuilder -   karaf.data='/nexus-data'
2019-10-03 14:35:43,236+0000 INFO  [pool-15-thread-1] *SYSTEM org.sonatype.nexus.bootstrap.ConfigurationBuilder -   karaf.etc='/opt/sonatype/nexus/etc/karaf'
2019-10-03 14:35:43,237+0000 INFO  [pool-15-thread-1] *SYSTEM org.sonatype.nexus.bootstrap.ConfigurationBuilder -   karaf.home='/opt/sonatype/nexus'
2019-10-03 14:35:43,238+0000 INFO  [pool-15-thread-1] *SYSTEM org.sonatype.nexus.bootstrap.ConfigurationBuilder -   karaf.instances='/nexus-data/instances'
2019-10-03 14:35:43,239+0000 INFO  [pool-15-thread-1] *SYSTEM org.sonatype.nexus.bootstrap.ConfigurationBuilder -   logback.etc='/opt/sonatype/nexus/etc/logback'
2019-10-03 14:35:43,240+0000 INFO  [pool-15-thread-1] *SYSTEM org.sonatype.nexus.bootstrap.ConfigurationBuilder -   nexus-args='/opt/sonatype/nexus/etc/jetty/jetty.xml,/opt/sonatype/nexus/etc/jetty/jetty-http.xml,/opt/sonatype/nexus/etc/jetty/jetty-requestlog.xml'
2019-10-03 14:35:43,241+0000 INFO  [pool-15-thread-1] *SYSTEM org.sonatype.nexus.bootstrap.ConfigurationBuilder -   nexus-context-path='/'
2019-10-03 14:35:43,241+0000 INFO  [pool-15-thread-1] *SYSTEM org.sonatype.nexus.bootstrap.ConfigurationBuilder -   nexus-edition='nexus-pro-edition'
2019-10-03 14:35:43,242+0000 INFO  [pool-15-thread-1] *SYSTEM org.sonatype.nexus.bootstrap.ConfigurationBuilder -   nexus-features='nexus-pro-feature'
2019-10-03 14:35:43,243+0000 INFO  [pool-15-thread-1] *SYSTEM org.sonatype.nexus.bootstrap.ConfigurationBuilder -   ssl.etc='/opt/sonatype/nexus/etc/ssl'
2019-10-03 14:35:43,247+0000 INFO  [pool-15-thread-1] *SYSTEM org.sonatype.nexus.bootstrap.Launcher - Java: 1.8.0_151, OpenJDK 64-Bit Server VM, Oracle Corporation, 25.151-b12
2019-10-03 14:35:43,249+0000 INFO  [pool-15-thread-1] *SYSTEM org.sonatype.nexus.bootstrap.Launcher - OS: Linux, 4.4.0-164-generic, amd64
2019-10-03 14:35:43,250+0000 INFO  [pool-15-thread-1] *SYSTEM org.sonatype.nexus.bootstrap.Launcher - User: nexus, en, /nexus-data
2019-10-03 14:35:43,251+0000 INFO  [pool-15-thread-1] *SYSTEM org.sonatype.nexus.bootstrap.Launcher - CWD: /opt/sonatype/nexus
2019-10-03 14:35:43,342+0000 INFO  [pool-15-thread-1] *SYSTEM org.sonatype.nexus.bootstrap.Launcher - TMP: /nexus-data/tmp
2019-10-03 14:35:43,444+0000 INFO  [pool-15-thread-1] *SYSTEM org.sonatype.nexus.bootstrap.jetty.JettyServer - Starting
2019-10-03 14:35:43,726+0000 INFO  [pool-15-thread-1] *SYSTEM org.eclipse.jetty.util.log - Logging initialized @17115ms
2019-10-03 14:35:43,740+0000 INFO  [pool-15-thread-1] *SYSTEM org.sonatype.nexus.bootstrap.jetty.JettyServer - Applying configuration: file:/opt/sonatype/nexus/etc/jetty/jetty.xml
2019-10-03 14:35:45,549+0000 INFO  [pool-15-thread-1] *SYSTEM org.sonatype.nexus.bootstrap.jetty.JettyServer - Applying configuration: file:/opt/sonatype/nexus/etc/jetty/jetty-http.xml
2019-10-03 14:35:45,875+0000 INFO  [pool-15-thread-1] *SYSTEM org.sonatype.nexus.bootstrap.jetty.JettyServer - Applying configuration: file:/opt/sonatype/nexus/etc/jetty/jetty-requestlog.xml
2019-10-03 14:35:46,257+0000 INFO  [jetty-main-1] *SYSTEM org.sonatype.nexus.bootstrap.jetty.JettyServer - Starting: org.eclipse.jetty.server.Server@33570ff7
2019-10-03 14:35:46,452+0000 INFO  [jetty-main-1] *SYSTEM org.eclipse.jetty.server.Server - jetty-9.3.7.v20160115
2019-10-03 14:35:47,549+0000 INFO  [jetty-main-1] *SYSTEM org.sonatype.nexus.bootstrap.osgi.BootstrapListener - Initializing
2019-10-03 14:35:47,662+0000 INFO  [jetty-main-1] *SYSTEM org.sonatype.nexus.bootstrap.osgi.BootstrapListener - Loading OSS Edition
2019-10-03 14:35:47,740+0000 INFO  [jetty-main-1] *SYSTEM org.sonatype.nexus.bootstrap.osgi.BootstrapListener - Installing: nexus-oss-edition/3.1.0.04
2019-10-03 14:36:08,030+0000 INFO  [jetty-main-1] *SYSTEM org.sonatype.nexus.bootstrap.osgi.BootstrapListener - Installed: nexus-oss-edition/3.1.0.04
2019-10-03 14:36:13,850+0000 INFO  [jetty-main-1] *SYSTEM org.apache.shiro.nexus.NexusWebSessionManager - Global session timeout: 1800000 ms
2019-10-03 14:36:13,852+0000 INFO  [jetty-main-1] *SYSTEM org.apache.shiro.nexus.NexusWebSessionManager - Session-cookie prototype: name=NXSESSIONID
2019-10-03 14:36:14,164+0000 INFO  [jetty-main-1] *SYSTEM org.sonatype.nexus.extender.NexusBundleTracker - ACTIVATING org.apache.tika.core [104]
2019-10-03 14:36:15,034+0000 INFO  [jetty-main-1] *SYSTEM org.hibernate.validator.internal.util.Version - HV000001: Hibernate Validator 5.1.2.Final
2019-10-03 14:36:16,337+0000 INFO  [jetty-main-1] *SYSTEM org.sonatype.nexus.extender.NexusBundleTracker - ACTIVATED org.apache.tika.core [104]
2019-10-03 14:36:16,346+0000 INFO  [jetty-main-1] *SYSTEM org.sonatype.nexus.extender.NexusBundleTracker - ACTIVATING org.sonatype.nexus.common [126]
2019-10-03 14:36:16,927+0000 INFO  [jetty-main-1] *SYSTEM org.sonatype.nexus.extender.NexusBundleTracker - ACTIVATED org.sonatype.nexus.common [126]
2019-10-03 14:36:16,929+0000 INFO  [jetty-main-1] *SYSTEM org.sonatype.nexus.extender.NexusBundleTracker - ACTIVATING org.hibernate.validator [110]
2019-10-03 14:36:17,469+0000 INFO  [jetty-main-1] *SYSTEM org.sonatype.nexus.extender.NexusBundleTracker - ACTIVATED org.hibernate.validator [110]
2019-10-03 14:36:17,474+0000 INFO  [jetty-main-1] *SYSTEM org.sonatype.nexus.extender.NexusBundleTracker - ACTIVATING org.sonatype.nexus.commands [125]
2019-10-03 14:36:18,027+0000 INFO  [jetty-main-1] *SYSTEM org.sonatype.nexus.extender.NexusBundleTracker - ACTIVATED org.sonatype.nexus.commands [125]
2019-10-03 14:36:18,031+0000 INFO  [jetty-main-1] *SYSTEM org.sonatype.nexus.extender.NexusBundleTracker - ACTIVATING org.sonatype.nexus.crypto [127]
2019-10-03 14:36:18,726+0000 INFO  [jetty-main-1] *SYSTEM org.sonatype.nexus.extender.NexusBundleTracker - ACTIVATED org.sonatype.nexus.crypto [127]
2019-10-03 14:36:18,727+0000 INFO  [jetty-main-1] *SYSTEM org.sonatype.nexus.extender.NexusBundleTracker - ACTIVATING org.sonatype.nexus.jmx [135]
2019-10-03 14:36:19,231+0000 INFO  [jetty-main-1] *SYSTEM org.sonatype.nexus.extender.NexusBundleTracker - ACTIVATED org.sonatype.nexus.jmx [135]
2019-10-03 14:36:19,237+0000 INFO  [jetty-main-1] *SYSTEM org.sonatype.nexus.extender.NexusBundleTracker - ACTIVATING org.sonatype.nexus.orient [137]
2019-10-03 14:36:20,326+0000 INFO  [jetty-main-1] *SYSTEM org.sonatype.nexus.extender.NexusBundleTracker - ACTIVATED org.sonatype.nexus.orient [137]
2019-10-03 14:36:20,329+0000 INFO  [jetty-main-1] *SYSTEM org.sonatype.nexus.extender.NexusBundleTracker - ACTIVATING org.sonatype.nexus.security [144]
2019-10-03 14:36:22,641+0000 INFO  [jetty-main-1] *SYSTEM org.sonatype.nexus.common.event.EventBusImpl - Delegate: com.google.common.eventbus.ReentrantEventBus@32b7b02d
2019-10-03 14:36:22,654+0000 INFO  [jetty-main-1] *SYSTEM org.sonatype.nexus.extender.NexusBundleTracker - ACTIVATED org.sonatype.nexus.security [144]
2019-10-03 14:36:22,655+0000 INFO  [jetty-main-1] *SYSTEM org.sonatype.nexus.extender.NexusBundleTracker - ACTIVATING org.sonatype.nexus.base [119]
2019-10-03 14:36:24,063+0000 INFO  [jetty-main-1] *SYSTEM org.sonatype.nexus.internal.metrics.MetricsModule - Metrics support configured
2019-10-03 14:36:31,052+0000 INFO  [jetty-main-1] *SYSTEM org.sonatype.nexus.extender.NexusBundleTracker - ACTIVATED org.sonatype.nexus.base [119]
2019-10-03 14:36:31,053+0000 INFO  [jetty-main-1] *SYSTEM org.sonatype.nexus.extender.NexusBundleTracker - ACTIVATING org.sonatype.nexus.blobstore-file [121]
2019-10-03 14:36:31,436+0000 INFO  [jetty-main-1] *SYSTEM org.sonatype.nexus.extender.NexusBundleTracker - ACTIVATED org.sonatype.nexus.blobstore-file [121]
2019-10-03 14:36:31,438+0000 INFO  [jetty-main-1] *SYSTEM org.sonatype.nexus.extender.NexusBundleTracker - ACTIVATING org.sonatype.nexus.cache [123]
2019-10-03 14:36:31,634+0000 INFO  [jetty-main-1] *SYSTEM org.sonatype.nexus.extender.NexusBundleTracker - ACTIVATED org.sonatype.nexus.cache [123]
2019-10-03 14:36:31,635+0000 INFO  [jetty-main-1] *SYSTEM org.sonatype.nexus.extender.NexusBundleTracker - ACTIVATING org.sonatype.nexus.capability [124]
2019-10-03 14:36:31,850+0000 INFO  [jetty-main-1] *SYSTEM org.sonatype.nexus.extender.NexusBundleTracker - ACTIVATED org.sonatype.nexus.capability [124]
2019-10-03 14:36:31,851+0000 INFO  [jetty-main-1] *SYSTEM org.sonatype.nexus.extender.NexusBundleTracker - ACTIVATING org.sonatype.nexus.email [128]
2019-10-03 14:36:32,042+0000 INFO  [jetty-main-1] *SYSTEM org.sonatype.nexus.extender.NexusBundleTracker - ACTIVATED org.sonatype.nexus.email [128]
2019-10-03 14:36:32,126+0000 INFO  [jetty-main-1] *SYSTEM org.sonatype.nexus.extender.NexusBundleTracker - ACTIVATING org.sonatype.nexus.extdirect [129]
2019-10-03 14:36:32,437+0000 INFO  [jetty-main-1] *SYSTEM org.sonatype.nexus.extender.NexusBundleTracker - ACTIVATED org.sonatype.nexus.extdirect [129]
2019-10-03 14:36:32,439+0000 INFO  [jetty-main-1] *SYSTEM org.sonatype.nexus.extender.NexusBundleTracker - ACTIVATING org.sonatype.nexus.httpclient [134]
2019-10-03 14:36:32,729+0000 INFO  [jetty-main-1] *SYSTEM org.sonatype.nexus.extender.NexusBundleTracker - ACTIVATED org.sonatype.nexus.httpclient [134]
2019-10-03 14:36:32,730+0000 INFO  [jetty-main-1] *SYSTEM org.sonatype.nexus.extender.NexusBundleTracker - ACTIVATING org.sonatype.nexus.oss-edition [138]
2019-10-03 14:36:33,030+0000 INFO  [jetty-main-1] *SYSTEM org.sonatype.nexus.extender.NexusBundleTracker - ACTIVATED org.sonatype.nexus.oss-edition [138]
2019-10-03 14:36:33,032+0000 INFO  [jetty-main-1] *SYSTEM org.sonatype.nexus.extender.NexusBundleTracker - ACTIVATING org.sonatype.nexus.rapture [140]
2019-10-03 14:36:34,453+0000 INFO  [jetty-main-1] *SYSTEM org.sonatype.nexus.extender.NexusBundleTracker - ACTIVATED org.sonatype.nexus.rapture [140]
2019-10-03 14:36:34,455+0000 INFO  [jetty-main-1] *SYSTEM org.sonatype.nexus.extender.NexusBundleTracker - ACTIVATING org.sonatype.nexus.rest-jackson2 [142]
2019-10-03 14:36:34,737+0000 INFO  [jetty-main-1] *SYSTEM org.sonatype.nexus.extender.NexusBundleTracker - ACTIVATED org.sonatype.nexus.rest-jackson2 [142]
2019-10-03 14:36:34,738+0000 INFO  [jetty-main-1] *SYSTEM org.sonatype.nexus.extender.NexusBundleTracker - ACTIVATING org.sonatype.nexus.scheduling [143]
2019-10-03 14:36:34,956+0000 INFO  [jetty-main-1] *SYSTEM org.sonatype.nexus.extender.NexusBundleTracker - ACTIVATED org.sonatype.nexus.scheduling [143]
2019-10-03 14:36:35,025+0000 INFO  [jetty-main-1] *SYSTEM org.sonatype.nexus.extender.NexusBundleTracker - ACTIVATING org.sonatype.nexus.siesta [146]
2019-10-03 14:36:35,744+0000 INFO  [jetty-main-1] *SYSTEM org.sonatype.nexus.extender.NexusBundleTracker - ACTIVATED org.sonatype.nexus.siesta [146]
2019-10-03 14:36:35,746+0000 INFO  [jetty-main-1] *SYSTEM org.sonatype.nexus.extender.NexusBundleTracker - ACTIVATING org.sonatype.nexus.upgrade [151]
2019-10-03 14:36:35,951+0000 INFO  [jetty-main-1] *SYSTEM org.sonatype.nexus.extender.NexusBundleTracker - ACTIVATED org.sonatype.nexus.upgrade [151]
2019-10-03 14:36:36,025+0000 INFO  [jetty-main-1] *SYSTEM org.sonatype.nexus.extender.NexusLifecycleManager - Start LOGGING
2019-10-03 14:36:36,035+0000 INFO  [jetty-main-1] *SYSTEM org.sonatype.nexus.internal.log.LogbackLoggerOverrides - File: /nexus-data/etc/logback/logback-overrides.xml
2019-10-03 14:36:36,044+0000 INFO  [jetty-main-1] *SYSTEM org.sonatype.nexus.internal.log.LogbackLogManager - Configuring
2019-10-03 14:36:36,226+0000 INFO  [jetty-main-1] *SYSTEM org.sonatype.nexus.extender.NexusContextListener - Installing: [nexus-oss-feature/3.1.0.04]
2019-10-03 14:37:04,631+0000 INFO  [FelixStartLevel] *SYSTEM org.sonatype.nexus.extender.NexusBundleTracker - ACTIVATING org.sonatype.nexus.elasticsearch [186]
2019-10-03 14:37:05,236+0000 INFO  [FelixStartLevel] *SYSTEM org.sonatype.nexus.extender.NexusBundleTracker - ACTIVATED org.sonatype.nexus.elasticsearch [186]
2019-10-03 14:37:05,238+0000 INFO  [FelixStartLevel] *SYSTEM org.sonatype.nexus.extender.NexusBundleTracker - ACTIVATING org.sonatype.nexus.selector [196]
2019-10-03 14:37:05,631+0000 INFO  [FelixStartLevel] *SYSTEM org.sonatype.nexus.extender.NexusBundleTracker - ACTIVATED org.sonatype.nexus.selector [196]
2019-10-03 14:37:05,634+0000 INFO  [FelixStartLevel] *SYSTEM org.sonatype.nexus.extender.NexusBundleTracker - ACTIVATING org.sonatype.nexus.repository [194]
2019-10-03 14:37:12,448+0000 INFO  [FelixStartLevel] *SYSTEM org.sonatype.nexus.extender.NexusBundleTracker - ACTIVATED org.sonatype.nexus.repository [194]
2019-10-03 14:37:12,449+0000 INFO  [FelixStartLevel] *SYSTEM org.sonatype.nexus.extender.NexusBundleTracker - ACTIVATING org.sonatype.nexus.core [185]
2019-10-03 14:37:14,538+0000 INFO  [FelixStartLevel] *SYSTEM org.sonatype.nexus.extender.NexusBundleTracker - ACTIVATED org.sonatype.nexus.core [185]
2019-10-03 14:37:14,540+0000 INFO  [pool-32-thread-1] *SYSTEM org.sonatype.nexus.extender.NexusBundleTracker - ACTIVATING org.sonatype.nexus.plugins.nexus-repository-raw [191]
2019-10-03 14:37:15,437+0000 INFO  [pool-32-thread-1] *SYSTEM org.sonatype.nexus.extender.NexusBundleTracker - ACTIVATED org.sonatype.nexus.plugins.nexus-repository-raw [191]
2019-10-03 14:37:15,439+0000 INFO  [pool-32-thread-1] *SYSTEM org.sonatype.nexus.extender.NexusBundleTracker - ACTIVATING org.sonatype.nexus.plugins.nexus-repository-httpbridge [189]
2019-10-03 14:37:15,638+0000 INFO  [pool-32-thread-1] *SYSTEM org.sonatype.nexus.extender.NexusBundleTracker - ACTIVATED org.sonatype.nexus.plugins.nexus-repository-httpbridge [189]
2019-10-03 14:37:15,640+0000 INFO  [FelixStartLevel] *SYSTEM org.sonatype.nexus.extender.NexusBundleTracker - ACTIVATING org.sonatype.nexus.plugins.nexus-repository-maven [190]
2019-10-03 14:37:16,631+0000 INFO  [FelixStartLevel] *SYSTEM org.sonatype.nexus.extender.NexusBundleTracker - ACTIVATED org.sonatype.nexus.plugins.nexus-repository-maven [190]
2019-10-03 14:37:16,639+0000 INFO  [FelixStartLevel] *SYSTEM org.sonatype.nexus.extender.NexusBundleTracker - ACTIVATING org.sonatype.nexus.quartz [193]
2019-10-03 14:37:17,243+0000 INFO  [FelixStartLevel] *SYSTEM org.sonatype.nexus.extender.NexusBundleTracker - ACTIVATED org.sonatype.nexus.quartz [193]
2019-10-03 14:37:17,244+0000 INFO  [FelixStartLevel] *SYSTEM org.sonatype.nexus.extender.NexusBundleTracker - ACTIVATING org.sonatype.nexus.plugins.nexus-coreui-plugin [188]
2019-10-03 14:37:22,125+0000 INFO  [FelixStartLevel] *SYSTEM org.sonatype.nexus.extender.NexusBundleTracker - ACTIVATED org.sonatype.nexus.plugins.nexus-coreui-plugin [188]
2019-10-03 14:37:22,129+0000 INFO  [FelixStartLevel] *SYSTEM org.sonatype.nexus.extender.NexusBundleTracker - ACTIVATING org.sonatype.nexus.plugins.nexus-ssl-plugin [192]
2019-10-03 14:37:22,725+0000 INFO  [FelixStartLevel] *SYSTEM org.sonatype.nexus.extender.NexusBundleTracker - ACTIVATED org.sonatype.nexus.plugins.nexus-ssl-plugin [192]
2019-10-03 14:37:22,727+0000 INFO  [FelixStartLevel] *SYSTEM org.sonatype.nexus.extender.NexusBundleTracker - ACTIVATING org.sonatype.nexus.plugins.nexus-audit-plugin [187]
2019-10-03 14:37:23,350+0000 INFO  [FelixStartLevel] *SYSTEM org.sonatype.nexus.extender.NexusBundleTracker - ACTIVATED org.sonatype.nexus.plugins.nexus-audit-plugin [187]
2019-10-03 14:37:23,531+0000 INFO  [jetty-main-1] *SYSTEM org.sonatype.nexus.extender.NexusContextListener - Installed: [nexus-oss-feature/3.1.0.04]
2019-10-03 14:37:23,546+0000 INFO  [FelixStartLevel] *SYSTEM org.sonatype.nexus.extender.NexusBundleTracker - ACTIVATING wrap_file__opt_sonatype_nexus_system_com_sonatype_licensing_license-bundle_1.4.3_license-bundle-1.4.3.jar [236]
2019-10-03 14:37:24,436+0000 INFO  [FelixStartLevel] *SYSTEM org.sonatype.nexus.extender.NexusBundleTracker - ACTIVATED wrap_file__opt_sonatype_nexus_system_com_sonatype_licensing_license-bundle_1.4.3_license-bundle-1.4.3.jar [236]
2019-10-03 14:37:24,439+0000 INFO  [FelixStartLevel] *SYSTEM org.sonatype.nexus.extender.NexusBundleTracker - ACTIVATING com.sonatype.nexus.licensing-extension [206]
2019-10-03 14:37:24,928+0000 INFO  [FelixStartLevel] *SYSTEM org.sonatype.nexus.extender.NexusBundleTracker - ACTIVATED com.sonatype.nexus.licensing-extension [206]
2019-10-03 14:37:24,930+0000 INFO  [FelixStartLevel] *SYSTEM org.sonatype.nexus.extender.NexusBundleTracker - ACTIVATING wrap_file__opt_sonatype_nexus_system_com_sonatype_insight_scan_insight-scanner-model-io_2.4.1-01_insight-scanner-model-io-2.4.1-01.jar [234]
2019-10-03 14:37:25,167+0000 INFO  [FelixStartLevel] *SYSTEM org.sonatype.nexus.extender.NexusBundleTracker - ACTIVATED wrap_file__opt_sonatype_nexus_system_com_sonatype_insight_scan_insight-scanner-model-io_2.4.1-01_insight-scanner-model-io-2.4.1-01.jar [234]
2019-10-03 14:37:25,224+0000 INFO  [FelixStartLevel] *SYSTEM org.sonatype.nexus.extender.NexusBundleTracker - ACTIVATING wrap_file__opt_sonatype_nexus_system_com_sonatype_insight_scan_insight-scanner-core_2.4.1-01_insight-scanner-core-2.4.1-01.jar [233]
2019-10-03 14:37:25,327+0000 INFO  [FelixStartLevel] *SYSTEM org.sonatype.nexus.extender.NexusBundleTracker - ACTIVATED wrap_file__opt_sonatype_nexus_system_com_sonatype_insight_scan_insight-scanner-core_2.4.1-01_insight-scanner-core-2.4.1-01.jar [233]
2019-10-03 14:37:25,328+0000 INFO  [FelixStartLevel] *SYSTEM org.sonatype.nexus.extender.NexusBundleTracker - ACTIVATING com.sonatype.nexus.plugins.nexus-healthcheck-base [209]
2019-10-03 14:37:26,150+0000 INFO  [FelixStartLevel] *SYSTEM org.sonatype.nexus.extender.NexusBundleTracker - ACTIVATED com.sonatype.nexus.plugins.nexus-healthcheck-base [209]
2019-10-03 14:37:26,156+0000 INFO  [FelixStartLevel] *SYSTEM org.sonatype.nexus.extender.NexusBundleTracker - ACTIVATING com.sonatype.nexus.plugins.nexus-ahc-plugin [207]
2019-10-03 14:37:26,624+0000 INFO  [FelixStartLevel] *SYSTEM org.sonatype.nexus.extender.NexusBundleTracker - ACTIVATED com.sonatype.nexus.plugins.nexus-ahc-plugin [207]
2019-10-03 14:37:26,628+0000 INFO  [FelixStartLevel] *SYSTEM org.sonatype.nexus.extender.NexusBundleTracker - ACTIVATING org.sonatype.nexus.rest-client [230]
2019-10-03 14:37:26,754+0000 INFO  [FelixStartLevel] *SYSTEM org.sonatype.nexus.extender.NexusBundleTracker - ACTIVATED org.sonatype.nexus.rest-client [230]
2019-10-03 14:37:26,756+0000 INFO  [FelixStartLevel] *SYSTEM org.sonatype.nexus.extender.NexusBundleTracker - ACTIVATING com.sonatype.nexus.plugins.nexus-analytics-plugin [208]
2019-10-03 14:37:27,728+0000 INFO  [FelixStartLevel] *SYSTEM org.sonatype.nexus.extender.NexusBundleTracker - ACTIVATED com.sonatype.nexus.plugins.nexus-analytics-plugin [208]
2019-10-03 14:37:27,728+0000 INFO  [FelixStartLevel] *SYSTEM org.sonatype.nexus.extender.NexusBundleTracker - ACTIVATING com.sonatype.nexus.plugins.nexus-healthcheck-oss-plugin [210]
2019-10-03 14:37:27,857+0000 INFO  [FelixStartLevel] *SYSTEM org.sonatype.nexus.extender.NexusBundleTracker - ACTIVATED com.sonatype.nexus.plugins.nexus-healthcheck-oss-plugin [210]
2019-10-03 14:37:27,926+0000 INFO  [FelixStartLevel] *SYSTEM org.sonatype.nexus.extender.NexusBundleTracker - ACTIVATING com.sonatype.nexus.plugins.nexus-ldap-plugin [211]
2019-10-03 14:37:28,529+0000 INFO  [FelixStartLevel] *SYSTEM org.sonatype.nexus.extender.NexusBundleTracker - ACTIVATED com.sonatype.nexus.plugins.nexus-ldap-plugin [211]
2019-10-03 14:37:28,544+0000 INFO  [FelixStartLevel] *SYSTEM org.sonatype.nexus.extender.NexusBundleTracker - ACTIVATING com.sonatype.nexus.plugins.nexus-licensing-plugin [212]
2019-10-03 14:37:29,831+0000 INFO  [FelixStartLevel] *SYSTEM org.sonatype.nexus.extender.NexusBundleTracker - ACTIVATED com.sonatype.nexus.plugins.nexus-licensing-plugin [212]
2019-10-03 14:37:29,833+0000 INFO  [FelixStartLevel] *SYSTEM org.sonatype.nexus.extender.NexusBundleTracker - ACTIVATING com.sonatype.nexus.plugins.nexus-repository-nuget [220]
2019-10-03 14:37:30,946+0000 INFO  [FelixStartLevel] *SYSTEM org.sonatype.nexus.extender.NexusBundleTracker - ACTIVATED com.sonatype.nexus.plugins.nexus-repository-nuget [220]
2019-10-03 14:37:30,980+0000 INFO  [FelixStartLevel] *SYSTEM org.sonatype.nexus.extender.NexusBundleTracker - ACTIVATING com.sonatype.nexus.plugins.nexus-repository-rubygems [222]
2019-10-03 14:37:31,359+0000 INFO  [FelixStartLevel] *SYSTEM org.sonatype.nexus.extender.NexusBundleTracker - ACTIVATED com.sonatype.nexus.plugins.nexus-repository-rubygems [222]
2019-10-03 14:37:31,360+0000 INFO  [FelixStartLevel] *SYSTEM org.sonatype.nexus.extender.NexusBundleTracker - ACTIVATING com.sonatype.nexus.plugins.nexus-migration-plugin [213]
2019-10-03 14:37:34,130+0000 INFO  [FelixStartLevel] *SYSTEM org.sonatype.nexus.extender.NexusBundleTracker - ACTIVATED com.sonatype.nexus.plugins.nexus-migration-plugin [213]
2019-10-03 14:37:34,132+0000 INFO  [FelixStartLevel] *SYSTEM org.sonatype.nexus.extender.NexusBundleTracker - ACTIVATING com.sonatype.nexus.plugins.nexus-outreach-plugin [214]
2019-10-03 14:37:34,529+0000 INFO  [FelixStartLevel] *SYSTEM org.sonatype.nexus.extender.NexusBundleTracker - ACTIVATED com.sonatype.nexus.plugins.nexus-outreach-plugin [214]
2019-10-03 14:37:34,530+0000 INFO  [FelixStartLevel] *SYSTEM org.sonatype.nexus.extender.NexusBundleTracker - ACTIVATING com.sonatype.nexus.plugins.nexus-proui-plugin [215]
2019-10-03 14:37:34,644+0000 INFO  [FelixStartLevel] *SYSTEM org.sonatype.nexus.extender.NexusBundleTracker - ACTIVATED com.sonatype.nexus.plugins.nexus-proui-plugin [215]
2019-10-03 14:37:34,646+0000 INFO  [FelixStartLevel] *SYSTEM org.sonatype.nexus.extender.NexusBundleTracker - ACTIVATING com.sonatype.nexus.plugins.nexus-proximanova-plugin [216]
2019-10-03 14:37:34,929+0000 INFO  [FelixStartLevel] *SYSTEM org.sonatype.nexus.extender.NexusBundleTracker - ACTIVATED com.sonatype.nexus.plugins.nexus-proximanova-plugin [216]
2019-10-03 14:37:34,932+0000 INFO  [FelixStartLevel] *SYSTEM org.sonatype.nexus.extender.NexusBundleTracker - ACTIVATING com.sonatype.nexus.plugins.nexus-repository-bower [217]
2019-10-03 14:37:35,835+0000 INFO  [FelixStartLevel] *SYSTEM org.sonatype.nexus.extender.NexusBundleTracker - ACTIVATED com.sonatype.nexus.plugins.nexus-repository-bower [217]
2019-10-03 14:37:35,838+0000 INFO  [FelixStartLevel] *SYSTEM org.sonatype.nexus.extender.NexusBundleTracker - ACTIVATING com.sonatype.nexus.plugins.nexus-repository-docker [218]
2019-10-03 14:37:38,125+0000 INFO  [FelixStartLevel] *SYSTEM org.sonatype.nexus.extender.NexusBundleTracker - ACTIVATED com.sonatype.nexus.plugins.nexus-repository-docker [218]
2019-10-03 14:37:38,126+0000 INFO  [FelixStartLevel] *SYSTEM org.sonatype.nexus.extender.NexusBundleTracker - ACTIVATING com.sonatype.nexus.plugins.nexus-repository-npm [219]
2019-10-03 14:37:38,653+0000 INFO  [FelixStartLevel] *SYSTEM org.sonatype.nexus.extender.NexusBundleTracker - ACTIVATED com.sonatype.nexus.plugins.nexus-repository-npm [219]
2019-10-03 14:37:38,656+0000 INFO  [FelixStartLevel] *SYSTEM org.sonatype.nexus.extender.NexusBundleTracker - ACTIVATING com.sonatype.nexus.plugins.nexus-repository-pypi [221]
2019-10-03 14:37:39,741+0000 INFO  [FelixStartLevel] *SYSTEM org.sonatype.nexus.extender.NexusBundleTracker - ACTIVATED com.sonatype.nexus.plugins.nexus-repository-pypi [221]
2019-10-03 14:37:39,742+0000 INFO  [FelixStartLevel] *SYSTEM org.sonatype.nexus.extender.NexusBundleTracker - ACTIVATING com.sonatype.nexus.plugins.nexus-rutauth-plugin [223]
2019-10-03 14:37:40,139+0000 INFO  [FelixStartLevel] *SYSTEM org.sonatype.nexus.extender.NexusBundleTracker - ACTIVATED com.sonatype.nexus.plugins.nexus-rutauth-plugin [223]
2019-10-03 14:37:40,145+0000 INFO  [FelixStartLevel] *SYSTEM org.sonatype.nexus.extender.NexusBundleTracker - ACTIVATING org.sonatype.nexus.plugins.nexus-script-plugin [229]
2019-10-03 14:37:40,537+0000 INFO  [FelixStartLevel] *SYSTEM org.sonatype.nexus.extender.NexusBundleTracker - ACTIVATED org.sonatype.nexus.plugins.nexus-script-plugin [229]
2019-10-03 14:37:40,540+0000 INFO  [FelixStartLevel] *SYSTEM org.sonatype.nexus.extender.NexusLifecycleManager - Start STORAGE
2019-10-03 14:37:40,926+0000 INFO  [FelixStartLevel] *SYSTEM org.sonatype.nexus.internal.node.LocalNodeAccess - ID: E1D63F33-AE24ABDE-7DA537D9-9CE090BC-EA60A2A2
2019-10-03 14:37:40,934+0000 INFO  [FelixStartLevel] *SYSTEM org.sonatype.nexus.internal.orient.DatabaseServerImpl - OrientDB version: 2.2.11
2019-10-03 14:37:41,124+0000 INFO  [FelixStartLevel] *SYSTEM com.orientechnologies.orient.server.OServer - OrientDB Server v2.2.11 is starting up...
2019-10-03 14:37:41,157+0000 INFO  [FelixStartLevel] *SYSTEM com.orientechnologies.orient.server.OServer - Databases directory: /nexus-data/db
2019-10-03 14:37:47,156+0000 INFO  [FelixStartLevel] *SYSTEM com.orientechnologies - OrientDB auto-config DISKCACHE=2,048MB (heap=1,157MB direct=2,048MB os=7,983MB)
2019-10-03 14:37:48,045+0000 WARN  [FelixStartLevel] *SYSTEM com.orientechnologies.orient.server.OServer - Found ORIENTDB_ROOT_PASSWORD variable, using this value as root's password
2019-10-03 14:37:49,724+0000 INFO  [FelixStartLevel] *SYSTEM com.orientechnologies.orient.server.handler.OJMXPlugin - JMX plugin installed and active: profilerManaged=true
2019-10-03 14:37:49,738+0000 INFO  [FelixStartLevel] *SYSTEM com.orientechnologies.orient.server.OServer - OrientDB Studio available at $ANSI{blue http://localhost:2480/studio/index.html}
2019-10-03 14:37:49,740+0000 INFO  [FelixStartLevel] *SYSTEM com.orientechnologies.orient.server.OServer - $ANSI{green:italic OrientDB Server is active} v2.2.11.
2019-10-03 14:37:49,740+0000 INFO  [FelixStartLevel] *SYSTEM org.sonatype.nexus.internal.orient.DatabaseServerImpl - Activated
2019-10-03 14:37:49,750+0000 INFO  [FelixStartLevel] *SYSTEM org.sonatype.nexus.extender.NexusLifecycleManager - Start UPGRADE
2019-10-03 14:37:50,653+0000 WARN  [FelixStartLevel] *SYSTEM com.orientechnologies.orient.core.storage.impl.local.paginated.OLocalPaginatedStorage - $ANSI{green {db=config}} Storage 'config' was not closed properly. Will try to recover from write ahead log
2019-10-03 14:37:50,724+0000 INFO  [FelixStartLevel] *SYSTEM com.orientechnologies.orient.core.storage.impl.local.paginated.OLocalPaginatedStorage - $ANSI{green {db=config}} Looking for last checkpoint...
2019-10-03 14:37:51,341+0000 INFO  [FelixStartLevel] *SYSTEM com.orientechnologies.orient.core.storage.impl.local.paginated.OLocalPaginatedStorage - $ANSI{green {db=config}} FULL checkpoint found.
2019-10-03 14:37:51,345+0000 INFO  [FelixStartLevel] *SYSTEM com.orientechnologies.orient.core.storage.impl.local.paginated.OLocalPaginatedStorage - $ANSI{green {db=config}} Data restore procedure from full checkpoint is started. Restore is performed from LSN OLogSequenceNumber{segment=0, position=5202987}
2019-10-03 14:37:51,352+0000 WARN  [FelixStartLevel] *SYSTEM com.orientechnologies.orient.core.storage.impl.local.paginated.OLocalPaginatedStorage - $ANSI{green {db=config}} Record com.orientechnologies.orient.core.storage.impl.local.paginated.wal.OCheckpointEndRecord{lsn=OLogSequenceNumber{segment=0, position=5203011}} will be skipped during data restore
2019-10-03 14:37:51,353+0000 INFO  [FelixStartLevel] *SYSTEM com.orientechnologies.orient.core.storage.impl.local.paginated.OLocalPaginatedStorage - $ANSI{green {db=config}} Storage data recover was completed
2019-10-03 14:37:56,059+0000 INFO  [FelixStartLevel] *SYSTEM org.sonatype.nexus.extender.NexusLifecycleManager - Start SCHEMAS
2019-10-03 14:37:56,848+0000 WARN  [FelixStartLevel] *SYSTEM com.orientechnologies.orient.core.storage.impl.local.paginated.OLocalPaginatedStorage - $ANSI{green {db=security}} Storage 'security' was not closed properly. Will try to recover from write ahead log
2019-10-03 14:37:56,849+0000 INFO  [FelixStartLevel] *SYSTEM com.orientechnologies.orient.core.storage.impl.local.paginated.OLocalPaginatedStorage - $ANSI{green {db=security}} Looking for last checkpoint...
2019-10-03 14:37:56,851+0000 INFO  [FelixStartLevel] *SYSTEM com.orientechnologies.orient.core.storage.impl.local.paginated.OLocalPaginatedStorage - $ANSI{green {db=security}} FULL checkpoint found.
2019-10-03 14:37:56,852+0000 INFO  [FelixStartLevel] *SYSTEM com.orientechnologies.orient.core.storage.impl.local.paginated.OLocalPaginatedStorage - $ANSI{green {db=security}} Data restore procedure from full checkpoint is started. Restore is performed from LSN OLogSequenceNumber{segment=0, position=1465772}
2019-10-03 14:37:56,853+0000 WARN  [FelixStartLevel] *SYSTEM com.orientechnologies.orient.core.storage.impl.local.paginated.OLocalPaginatedStorage - $ANSI{green {db=security}} Record com.orientechnologies.orient.core.storage.impl.local.paginated.wal.OCheckpointEndRecord{lsn=OLogSequenceNumber{segment=0, position=1465796}} will be skipped during data restore
2019-10-03 14:37:56,854+0000 INFO  [FelixStartLevel] *SYSTEM com.orientechnologies.orient.core.storage.impl.local.paginated.OLocalPaginatedStorage - $ANSI{green {db=security}} Storage data recover was completed
2019-10-03 14:37:57,810+0000 INFO  [FelixStartLevel] *SYSTEM org.sonatype.nexus.extender.NexusLifecycleManager - Start EVENTS
2019-10-03 14:37:58,659+0000 INFO  [FelixStartLevel] *SYSTEM org.sonatype.nexus.quartz.internal.QuartzSchedulerSPI - Thread-pool size: 20
2019-10-03 14:37:59,235+0000 INFO  [FelixStartLevel] *SYSTEM org.sonatype.nexus.extender.NexusLifecycleManager - Start SECURITY
2019-10-03 14:37:59,248+0000 INFO  [FelixStartLevel] *SYSTEM org.sonatype.nexus.security.internal.DefaultSecuritySystem - Unlimited strength JCE policy detected
2019-10-03 14:37:59,326+0000 INFO  [FelixStartLevel] *SYSTEM org.sonatype.nexus.security.internal.RealmManagerImpl - Using default configuration: RealmConfiguration{realmNames=[NexusAuthenticatingRealm, NexusAuthorizingRealm]}
2019-10-03 14:37:59,360+0000 INFO  [FelixStartLevel] *SYSTEM org.sonatype.nexus.cache.internal.RuntimeCacheManagerProvider - Cache-provider: ehcache
2019-10-03 14:37:59,451+0000 INFO  [FelixStartLevel] *SYSTEM org.sonatype.nexus.cache.internal.ehcache.EhCacheManagerProvider - Creating cache-manager with configuration: file:/opt/sonatype/nexus/etc/fabric/ehcache.xml
2019-10-03 14:38:02,038+0000 INFO  [FelixStartLevel] *SYSTEM org.sonatype.nexus.extender.NexusLifecycleManager - Start SERVICES
2019-10-03 14:38:02,441+0000 WARN  [FelixStartLevel] *SYSTEM com.orientechnologies.orient.core.storage.impl.local.paginated.OLocalPaginatedStorage - $ANSI{green {db=accesslog}} Storage 'accesslog' was not closed properly. Will try to recover from write ahead log
2019-10-03 14:38:02,442+0000 INFO  [FelixStartLevel] *SYSTEM com.orientechnologies.orient.core.storage.impl.local.paginated.OLocalPaginatedStorage - $ANSI{green {db=accesslog}} Looking for last checkpoint...
2019-10-03 14:38:02,442+0000 INFO  [FelixStartLevel] *SYSTEM com.orientechnologies.orient.core.storage.impl.local.paginated.OLocalPaginatedStorage - $ANSI{green {db=accesslog}} FULL checkpoint found.
2019-10-03 14:38:02,448+0000 INFO  [FelixStartLevel] *SYSTEM com.orientechnologies.orient.core.storage.impl.local.paginated.OLocalPaginatedStorage - $ANSI{green {db=accesslog}} Data restore procedure from full checkpoint is started. Restore is performed from LSN OLogSequenceNumber{segment=0, position=971818}
2019-10-03 14:38:02,452+0000 WARN  [FelixStartLevel] *SYSTEM com.orientechnologies.orient.core.storage.impl.local.paginated.OLocalPaginatedStorage - $ANSI{green {db=accesslog}} Record com.orientechnologies.orient.core.storage.impl.local.paginated.wal.OCheckpointEndRecord{lsn=OLogSequenceNumber{segment=0, position=971842}} will be skipped during data restore
2019-10-03 14:38:02,453+0000 INFO  [FelixStartLevel] *SYSTEM com.orientechnologies.orient.core.storage.impl.local.paginated.OLocalPaginatedStorage - $ANSI{green {db=accesslog}} Storage data recover was completed
2019-10-03 14:38:03,539+0000 INFO  [FelixStartLevel] *SYSTEM org.sonatype.nexus.quartz.internal.orient.JobStoreImpl - Instance name: nexus; ID: E1D63F33-AE24ABDE-7DA537D9-9CE090BC-EA60A2A2
2019-10-03 14:38:03,549+0000 INFO  [FelixStartLevel] *SYSTEM org.sonatype.nexus.quartz.internal.orient.JobStoreImpl - Initialized
2019-10-03 14:38:03,652+0000 INFO  [FelixStartLevel] *SYSTEM org.sonatype.nexus.quartz.internal.QuartzSchedulerSPI - Quartz Scheduler v2.2.2
2019-10-03 14:38:03,933+0000 INFO  [FelixStartLevel] *SYSTEM org.sonatype.nexus.blobstore.file.internal.BlobStoreMetricsStoreImpl - Loading blob store metrics file /nexus-data/blobs/default/metrics.properties
2019-10-03 14:38:05,936+0000 WARN  [FelixStartLevel] *SYSTEM com.orientechnologies.orient.core.storage.impl.local.paginated.OLocalPaginatedStorage - $ANSI{green {db=component}} Storage 'component' was not closed properly. Will try to recover from write ahead log
2019-10-03 14:38:05,937+0000 INFO  [FelixStartLevel] *SYSTEM com.orientechnologies.orient.core.storage.impl.local.paginated.OLocalPaginatedStorage - $ANSI{green {db=component}} Looking for last checkpoint...
2019-10-03 14:38:05,939+0000 INFO  [FelixStartLevel] *SYSTEM com.orientechnologies.orient.core.storage.impl.local.paginated.OLocalPaginatedStorage - $ANSI{green {db=component}} FULL checkpoint found.
2019-10-03 14:38:05,940+0000 INFO  [FelixStartLevel] *SYSTEM com.orientechnologies.orient.core.storage.impl.local.paginated.OLocalPaginatedStorage - $ANSI{green {db=component}} Data restore procedure from full checkpoint is started. Restore is performed from LSN OLogSequenceNumber{segment=0, position=2026834}
2019-10-03 14:38:05,942+0000 WARN  [FelixStartLevel] *SYSTEM com.orientechnologies.orient.core.storage.impl.local.paginated.OLocalPaginatedStorage - $ANSI{green {db=component}} Record com.orientechnologies.orient.core.storage.impl.local.paginated.wal.OCheckpointEndRecord{lsn=OLogSequenceNumber{segment=0, position=2026858}} will be skipped during data restore
2019-10-03 14:38:05,944+0000 INFO  [FelixStartLevel] *SYSTEM com.orientechnologies.orient.core.storage.impl.local.paginated.OLocalPaginatedStorage - $ANSI{green {db=component}} Storage data recover was completed
2019-10-03 14:38:08,645+0000 INFO  [FelixStartLevel] *SYSTEM org.sonatype.nexus.internal.httpclient.HttpClientManagerImpl - Using default configuration: HttpClientConfiguration{connection=null, proxy=null, authentication=null}
2019-10-03 14:38:10,431+0000 INFO  [FelixStartLevel] *SYSTEM org.sonatype.nexus.elasticsearch.internal.NodeProvider - Creating node with config: /opt/sonatype/nexus/etc/fabric/elasticsearch.yml
2019-10-03 14:38:11,732+0000 INFO  [FelixStartLevel] *SYSTEM org.elasticsearch.node - [E1D63F33-AE24ABDE-7DA537D9-9CE090BC-EA60A2A2] version[2.2.0], pid[11], build[NA/NA]
2019-10-03 14:38:11,732+0000 INFO  [FelixStartLevel] *SYSTEM org.elasticsearch.node - [E1D63F33-AE24ABDE-7DA537D9-9CE090BC-EA60A2A2] initializing ...
2019-10-03 14:38:11,744+0000 INFO  [FelixStartLevel] *SYSTEM org.elasticsearch.plugins - [E1D63F33-AE24ABDE-7DA537D9-9CE090BC-EA60A2A2] modules [], plugins [content-auth-plugin], sites []
2019-10-03 14:38:11,841+0000 INFO  [FelixStartLevel] *SYSTEM org.elasticsearch.env - [E1D63F33-AE24ABDE-7DA537D9-9CE090BC-EA60A2A2] using [1] data paths, mounts [[/nexus-data (/dev/sda1)]], net usable_space [1.5gb], net total_space [9.6gb], spins? [possibly], types [ext4]
2019-10-03 14:38:11,842+0000 INFO  [FelixStartLevel] *SYSTEM org.elasticsearch.env - [E1D63F33-AE24ABDE-7DA537D9-9CE090BC-EA60A2A2] heap size [1.1gb], compressed ordinary object pointers [true]
2019-10-03 14:38:20,752+0000 INFO  [FelixStartLevel] *SYSTEM org.elasticsearch.node - [E1D63F33-AE24ABDE-7DA537D9-9CE090BC-EA60A2A2] initialized
2019-10-03 14:38:20,752+0000 INFO  [FelixStartLevel] *SYSTEM org.elasticsearch.node - [E1D63F33-AE24ABDE-7DA537D9-9CE090BC-EA60A2A2] starting ...
2019-10-03 14:38:20,754+0000 INFO  [FelixStartLevel] *SYSTEM org.elasticsearch.transport - [E1D63F33-AE24ABDE-7DA537D9-9CE090BC-EA60A2A2] publish_address {local[1]}, bound_addresses {local[1]}
2019-10-03 14:38:20,765+0000 INFO  [FelixStartLevel] *SYSTEM org.elasticsearch.discovery - [E1D63F33-AE24ABDE-7DA537D9-9CE090BC-EA60A2A2] nexus/zKYEjE6rSjSi5jsBs6XwhQ
2019-10-03 14:38:20,827+0000 INFO  [elasticsearch[E1D63F33-AE24ABDE-7DA537D9-9CE090BC-EA60A2A2][clusterService#updateTask][T#1]] *SYSTEM org.elasticsearch.cluster.service - [E1D63F33-AE24ABDE-7DA537D9-9CE090BC-EA60A2A2] master {new {E1D63F33-AE24ABDE-7DA537D9-9CE090BC-EA60A2A2}{zKYEjE6rSjSi5jsBs6XwhQ}{local}{local[1]}{local=true, master=true}}, removed {{E1D63F33-AE24ABDE-7DA537D9-9CE090BC-EA60A2A2}{gOaaDGajTEyLOhWP88vJ6g}{local}{local[1]}{local=true, master=true},}, reason: local-disco-initial_connect(master)
2019-10-03 14:38:20,839+0000 INFO  [FelixStartLevel] *SYSTEM org.elasticsearch.node - [E1D63F33-AE24ABDE-7DA537D9-9CE090BC-EA60A2A2] started
2019-10-03 14:38:21,336+0000 INFO  [elasticsearch[E1D63F33-AE24ABDE-7DA537D9-9CE090BC-EA60A2A2][clusterService#updateTask][T#1]] *SYSTEM org.elasticsearch.gateway - [E1D63F33-AE24ABDE-7DA537D9-9CE090BC-EA60A2A2] recovered [6] indices into cluster_state
2019-10-03 14:38:28,234+0000 INFO  [elasticsearch[E1D63F33-AE24ABDE-7DA537D9-9CE090BC-EA60A2A2][clusterService#updateTask][T#1]] *SYSTEM org.elasticsearch.cluster.routing.allocation - [E1D63F33-AE24ABDE-7DA537D9-9CE090BC-EA60A2A2] Cluster health status changed from [RED] to [YELLOW] (reason: [shards started [[2e9a1e67e8a325bcd6ee9f6790ff6c769e791d56][1], [2e9a1e67e8a325bcd6ee9f6790ff6c769e791d56][2]] ...]).
2019-10-03 14:38:28,329+0000 INFO  [FelixStartLevel] *SYSTEM org.sonatype.nexus.extender.NexusLifecycleManager - Start CAPABILITIES
2019-10-03 14:38:29,532+0000 INFO  [FelixStartLevel] *SYSTEM org.sonatype.nexus.extender.NexusLifecycleManager - Start TASKS
2019-10-03 14:38:29,543+0000 INFO  [FelixStartLevel] *SYSTEM org.sonatype.nexus.quartz.internal.QuartzSchedulerSPI - Scheduler put into ready mode
2019-10-03 14:38:30,027+0000 INFO  [jetty-main-1] *SYSTEM org.sonatype.nexus.bootstrap.osgi.BootstrapListener - Initialized
2019-10-03 14:38:30,134+0000 INFO  [jetty-main-1] *SYSTEM org.sonatype.nexus.rapture.internal.RaptureWebResourceBundle - UI plugin descriptors:
2019-10-03 14:38:30,138+0000 INFO  [jetty-main-1] *SYSTEM org.sonatype.nexus.rapture.internal.RaptureWebResourceBundle -   nexus-rapture
2019-10-03 14:38:30,140+0000 INFO  [jetty-main-1] *SYSTEM org.sonatype.nexus.rapture.internal.RaptureWebResourceBundle -   nexus-proximanova-plugin
2019-10-03 14:38:30,141+0000 INFO  [jetty-main-1] *SYSTEM org.sonatype.nexus.rapture.internal.RaptureWebResourceBundle -   nexus-coreui-plugin
2019-10-03 14:38:30,143+0000 INFO  [jetty-main-1] *SYSTEM org.sonatype.nexus.rapture.internal.RaptureWebResourceBundle -   nexus-proui-plugin
2019-10-03 14:38:30,238+0000 INFO  [jetty-main-1] *SYSTEM org.sonatype.nexus.internal.webresources.WebResourceServlet - Max-age: 30 days (2592000 seconds)
2019-10-03 14:38:30,555+0000 INFO  [jetty-main-1] *SYSTEM com.softwarementors.extjs.djn.servlet.DirectJNgineServlet - Servlet GLOBAL configuration: debug=false, providersUrl=service/extdirect, minify=false, batchRequestsMultithreadingEnabled=true, batchRequestsMinThreadsPoolSize=16, batchRequestsMaxThreadsPoolSize=80, batchRequestsMaxThreadsPerRequest=8, batchRequestsMaxThreadKeepAliveSeconds=60, gsonBuilderConfiguratorClass=org.sonatype.nexus.extdirect.internal.ExtDirectGsonBuilderConfigurator, dispatcherClass=com.softwarementors.extjs.djn.servlet.ssm.SsmDispatcher, jsonRequestProcessorThreadClass=org.sonatype.nexus.extdirect.internal.ExtDirectJsonRequestProcessorThread, contextPath=--not specified: calculated via Javascript--, createSourceFiles=true
2019-10-03 14:38:30,561+0000 INFO  [jetty-main-1] *SYSTEM com.softwarementors.extjs.djn.servlet.DirectJNgineServlet - Servlet GLOBAL configuration: registryConfiguratorClass=
2019-10-03 14:38:30,929+0000 INFO  [jetty-main-1] *SYSTEM com.softwarementors.extjs.djn.jscodegen.CodeFileGenerator - Creating source files for APIs...
2019-10-03 14:38:32,252+0000 INFO  [jetty-main-1] *SYSTEM org.sonatype.nexus.siesta.SiestaServlet - JAX-RS RuntimeDelegate: org.sonatype.nexus.siesta.internal.resteasy.SisuResteasyProviderFactory@7ddcf22f
2019-10-03 14:38:32,337+0000 INFO  [jetty-main-1] *SYSTEM org.jboss.resteasy.plugins.validation.i18n - RESTEASY008550: Unable to find CDI supporting ValidatorFactory. Using default ValidatorFactory
2019-10-03 14:38:32,445+0000 INFO  [jetty-main-1] *SYSTEM org.sonatype.nexus.siesta.SiestaServlet - Initialized
2019-10-03 14:38:32,531+0000 INFO  [jetty-main-1] *SYSTEM org.sonatype.nexus.repository.httpbridge.internal.ViewServlet - Initialized
2019-10-03 14:38:32,855+0000 INFO  [jetty-main-1] *SYSTEM org.eclipse.jetty.server.handler.ContextHandler - Started o.e.j.w.WebAppContext@7b38b071{/,file:///opt/sonatype/nexus/public/,AVAILABLE}
2019-10-03 14:38:33,336+0000 INFO  [jetty-main-1] *SYSTEM org.eclipse.jetty.server.ServerConnector - Started ServerConnector@482e77cd{HTTP/1.1,[http/1.1]}{0.0.0.0:8081}
2019-10-03 14:38:33,347+0000 INFO  [jetty-main-1] *SYSTEM org.eclipse.jetty.server.Server - Started @186735ms
2019-10-03 14:38:33,350+0000 INFO  [jetty-main-1] *SYSTEM org.sonatype.nexus.bootstrap.jetty.JettyServer - 
-------------------------------------------------

Started Sonatype Nexus OSS 3.1.0-04

-------------------------------------------------
